

Microchip MPLAB XC8 Assembler V2.10 build 88905656 
                                                                                               Wed Feb 26 15:39:23 2020

Microchip MPLAB XC8 C Compiler v2.10 (Free license) build 20190730164152 Og1 
     1                           	processor	16F887
     2                           	opt	pw 120
     3                           	opt	flic
     4                           	psect	cinit,global,class=CODE,merge=1,delta=2
     5                           	psect	bssCOMMON,global,class=COMMON,space=1,delta=1
     6                           	psect	cstackCOMMON,global,class=COMMON,space=1,delta=1
     7                           	psect	maintext,global,class=CODE,split=1,delta=2
     8                           	psect	text1,local,class=CODE,merge=1,delta=2
     9                           	psect	text2,local,class=CODE,merge=1,delta=2
    10                           	psect	text3,local,class=CODE,merge=1,delta=2
    11                           	psect	intentry,global,class=CODE,delta=2
    12                           	dabs	1,0x7E,2
    13  0000                     
    14                           ; Version 2.10
    15                           ; Generated 31/07/2019 GMT
    16                           ; 
    17                           ; Copyright © 2019, Microchip Technology Inc. and its subsidiaries ("Microchip")
    18                           ; All rights reserved.
    19                           ; 
    20                           ; This software is developed by Microchip Technology Inc. and its subsidiaries ("Microch
      +                          ip").
    21                           ; 
    22                           ; Redistribution and use in source and binary forms, with or without modification, are
    23                           ; permitted provided that the following conditions are met:
    24                           ; 
    25                           ;     1. Redistributions of source code must retain the above copyright notice, this lis
      +                          t of
    26                           ;        conditions and the following disclaimer.
    27                           ; 
    28                           ;     2. Redistributions in binary form must reproduce the above copyright notice, this 
      +                          list
    29                           ;        of conditions and the following disclaimer in the documentation and/or other
    30                           ;        materials provided with the distribution.
    31                           ; 
    32                           ;     3. Microchip's name may not be used to endorse or promote products derived from th
      +                          is
    33                           ;        software without specific prior written permission.
    34                           ; 
    35                           ; THIS SOFTWARE IS PROVIDED BY MICROCHIP "AS IS" AND ANY EXPRESS OR IMPLIED WARRANTIES,
    36                           ; INCLUDING, BUT NOT LIMITED TO, THE IMPLIED WARRANTIES OF MERCHANTABILITY AND FITNESS F
      +                          OR
    37                           ; PURPOSE ARE DISCLAIMED.  IN NO EVENT SHALL MICROCHIP BE LIABLE FOR ANY DIRECT, INDIREC
      +                          T,
    38                           ; INCIDENTAL, SPECIAL, EXEMPLARY, OR CONSEQUENTIAL DAMAGES (INCLUDING BUT NOT LIMITED TO
    39                           ; PROCUREMENT OF SUBSTITUTE GOODS OR SERVICES; LOSS OF USE, DATA OR PROFITS; OR BUSINESS
    40                           ; INTERRUPTION) HOWSOEVER CAUSED AND ON ANY THEORY OF LIABILITY, WHETHER IN CONTRACT, ST
      +                          RICT
    41                           ; LIABILITY, OR TORT (INCLUDING NEGLIGENCE OR OTHERWISE) ARISING IN ANY WAY OUT OF THE U
      +                          SE OF
    42                           ; THIS SOFTWARE, EVEN IF ADVISED OF THE POSSIBILITY OF SUCH DAMAGE.
    43                           ; 
    44                           ; 
    45                           ; Code-generator required, PIC16F887 Definitions
    46                           ; 
    47                           ; SFR Addresses
    48  0000                     	;# 
    49  0001                     	;# 
    50  0002                     	;# 
    51  0003                     	;# 
    52  0004                     	;# 
    53  0005                     	;# 
    54  0006                     	;# 
    55  0007                     	;# 
    56  0008                     	;# 
    57  0009                     	;# 
    58  000A                     	;# 
    59  000B                     	;# 
    60  000C                     	;# 
    61  000D                     	;# 
    62  000E                     	;# 
    63  000E                     	;# 
    64  000F                     	;# 
    65  0010                     	;# 
    66  0011                     	;# 
    67  0012                     	;# 
    68  0013                     	;# 
    69  0014                     	;# 
    70  0015                     	;# 
    71  0015                     	;# 
    72  0016                     	;# 
    73  0017                     	;# 
    74  0018                     	;# 
    75  0019                     	;# 
    76  001A                     	;# 
    77  001B                     	;# 
    78  001B                     	;# 
    79  001C                     	;# 
    80  001D                     	;# 
    81  001E                     	;# 
    82  001F                     	;# 
    83  0081                     	;# 
    84  0085                     	;# 
    85  0086                     	;# 
    86  0087                     	;# 
    87  0088                     	;# 
    88  0089                     	;# 
    89  008C                     	;# 
    90  008D                     	;# 
    91  008E                     	;# 
    92  008F                     	;# 
    93  0090                     	;# 
    94  0091                     	;# 
    95  0092                     	;# 
    96  0093                     	;# 
    97  0093                     	;# 
    98  0093                     	;# 
    99  0094                     	;# 
   100  0095                     	;# 
   101  0096                     	;# 
   102  0097                     	;# 
   103  0098                     	;# 
   104  0099                     	;# 
   105  009A                     	;# 
   106  009B                     	;# 
   107  009C                     	;# 
   108  009D                     	;# 
   109  009E                     	;# 
   110  009F                     	;# 
   111  0105                     	;# 
   112  0107                     	;# 
   113  0108                     	;# 
   114  0109                     	;# 
   115  010C                     	;# 
   116  010C                     	;# 
   117  010D                     	;# 
   118  010E                     	;# 
   119  010F                     	;# 
   120  0185                     	;# 
   121  0187                     	;# 
   122  0188                     	;# 
   123  0189                     	;# 
   124  018C                     	;# 
   125  018D                     	;# 
   126  0000                     	;# 
   127  0001                     	;# 
   128  0002                     	;# 
   129  0003                     	;# 
   130  0004                     	;# 
   131  0005                     	;# 
   132  0006                     	;# 
   133  0007                     	;# 
   134  0008                     	;# 
   135  0009                     	;# 
   136  000A                     	;# 
   137  000B                     	;# 
   138  000C                     	;# 
   139  000D                     	;# 
   140  000E                     	;# 
   141  000E                     	;# 
   142  000F                     	;# 
   143  0010                     	;# 
   144  0011                     	;# 
   145  0012                     	;# 
   146  0013                     	;# 
   147  0014                     	;# 
   148  0015                     	;# 
   149  0015                     	;# 
   150  0016                     	;# 
   151  0017                     	;# 
   152  0018                     	;# 
   153  0019                     	;# 
   154  001A                     	;# 
   155  001B                     	;# 
   156  001B                     	;# 
   157  001C                     	;# 
   158  001D                     	;# 
   159  001E                     	;# 
   160  001F                     	;# 
   161  0081                     	;# 
   162  0085                     	;# 
   163  0086                     	;# 
   164  0087                     	;# 
   165  0088                     	;# 
   166  0089                     	;# 
   167  008C                     	;# 
   168  008D                     	;# 
   169  008E                     	;# 
   170  008F                     	;# 
   171  0090                     	;# 
   172  0091                     	;# 
   173  0092                     	;# 
   174  0093                     	;# 
   175  0093                     	;# 
   176  0093                     	;# 
   177  0094                     	;# 
   178  0095                     	;# 
   179  0096                     	;# 
   180  0097                     	;# 
   181  0098                     	;# 
   182  0099                     	;# 
   183  009A                     	;# 
   184  009B                     	;# 
   185  009C                     	;# 
   186  009D                     	;# 
   187  009E                     	;# 
   188  009F                     	;# 
   189  0105                     	;# 
   190  0107                     	;# 
   191  0108                     	;# 
   192  0109                     	;# 
   193  010C                     	;# 
   194  010C                     	;# 
   195  010D                     	;# 
   196  010E                     	;# 
   197  010F                     	;# 
   198  0185                     	;# 
   199  0187                     	;# 
   200  0188                     	;# 
   201  0189                     	;# 
   202  018C                     	;# 
   203  018D                     	;# 
   204  0000                     	;# 
   205  0001                     	;# 
   206  0002                     	;# 
   207  0003                     	;# 
   208  0004                     	;# 
   209  0005                     	;# 
   210  0006                     	;# 
   211  0007                     	;# 
   212  0008                     	;# 
   213  0009                     	;# 
   214  000A                     	;# 
   215  000B                     	;# 
   216  000C                     	;# 
   217  000D                     	;# 
   218  000E                     	;# 
   219  000E                     	;# 
   220  000F                     	;# 
   221  0010                     	;# 
   222  0011                     	;# 
   223  0012                     	;# 
   224  0013                     	;# 
   225  0014                     	;# 
   226  0015                     	;# 
   227  0015                     	;# 
   228  0016                     	;# 
   229  0017                     	;# 
   230  0018                     	;# 
   231  0019                     	;# 
   232  001A                     	;# 
   233  001B                     	;# 
   234  001B                     	;# 
   235  001C                     	;# 
   236  001D                     	;# 
   237  001E                     	;# 
   238  001F                     	;# 
   239  0081                     	;# 
   240  0085                     	;# 
   241  0086                     	;# 
   242  0087                     	;# 
   243  0088                     	;# 
   244  0089                     	;# 
   245  008C                     	;# 
   246  008D                     	;# 
   247  008E                     	;# 
   248  008F                     	;# 
   249  0090                     	;# 
   250  0091                     	;# 
   251  0092                     	;# 
   252  0093                     	;# 
   253  0093                     	;# 
   254  0093                     	;# 
   255  0094                     	;# 
   256  0095                     	;# 
   257  0096                     	;# 
   258  0097                     	;# 
   259  0098                     	;# 
   260  0099                     	;# 
   261  009A                     	;# 
   262  009B                     	;# 
   263  009C                     	;# 
   264  009D                     	;# 
   265  009E                     	;# 
   266  009F                     	;# 
   267  0105                     	;# 
   268  0107                     	;# 
   269  0108                     	;# 
   270  0109                     	;# 
   271  010C                     	;# 
   272  010C                     	;# 
   273  010D                     	;# 
   274  010E                     	;# 
   275  010F                     	;# 
   276  0185                     	;# 
   277  0187                     	;# 
   278  0188                     	;# 
   279  0189                     	;# 
   280  018C                     	;# 
   281  018D                     	;# 
   282  0014                     _SSPCON	set	20
   283  0006                     _PORTBbits	set	6
   284  0005                     _PORTA	set	5
   285  0013                     _SSPBUF	set	19
   286  0014                     _SSPCONbits	set	20
   287  000C                     _PIR1bits	set	12
   288  0063                     _SSPIF	set	99
   289  005E                     _PEIE	set	94
   290  005F                     _GIE	set	95
   291  0091                     _SSPCON2bits	set	145
   292  0087                     _TRISCbits	set	135
   293  0094                     _SSPSTAT	set	148
   294  0093                     _SSPADD	set	147
   295  0091                     _SSPCON2	set	145
   296  0086                     _TRISBbits	set	134
   297  0086                     _TRISB	set	134
   298  0085                     _TRISA	set	133
   299  0094                     _SSPSTATbits	set	148
   300  0463                     _SSPIE	set	1123
   301  043C                     _TRISC4	set	1084
   302  043B                     _TRISC3	set	1083
   303  04A0                     _BF	set	1184
   304                           
   305                           ; #config settings
   306  0000                     
   307                           	psect	cinit
   308  000F                     start_initialization:	
   309  000F                     __initialization:	
   310                           
   311                           ; Clear objects allocated to COMMON
   312  000F  01F0               	clrf	__pbssCOMMON& (0+127)
   313  0010  01F1               	clrf	(__pbssCOMMON+1)& (0+127)
   314  0011  01F2               	clrf	(__pbssCOMMON+2)& (0+127)
   315  0012  01F3               	clrf	(__pbssCOMMON+3)& (0+127)
   316  0013  01F4               	clrf	(__pbssCOMMON+4)& (0+127)
   317  0014  01F5               	clrf	(__pbssCOMMON+5)& (0+127)
   318  0015                     end_of_initialization:	
   319                           ;End of C runtime variable initialization code
   320                           
   321  0015                     __end_of__initialization:	
   322  0015  0183               	clrf	3
   323  0016  120A  118A  287E   	ljmp	_main	;jump to C main() function
   324                           
   325                           	psect	bssCOMMON
   326  0070                     __pbssCOMMON:	
   327  0070                     _past2:	
   328  0070                     	ds	1
   329  0071                     _past1:	
   330  0071                     	ds	1
   331  0072                     _cont:	
   332  0072                     	ds	1
   333  0073                     _readed:	
   334  0073                     	ds	1
   335  0074                     _dato:	
   336  0074                     	ds	1
   337  0075                     _z:	
   338  0075                     	ds	1
   339                           
   340                           	psect	cstackCOMMON
   341  0076                     __pcstackCOMMON:	
   342  0076                     ?_setup:	
   343  0076                     ?_I2C_Slave_Init:	
   344                           ; 1 bytes @ 0x0
   345                           
   346  0076                     ?_isr:	
   347                           ; 1 bytes @ 0x0
   348                           
   349  0076                     ??_isr:	
   350                           ; 1 bytes @ 0x0
   351                           
   352  0076                     ?_main:	
   353                           ; 1 bytes @ 0x0
   354                           
   355                           
   356                           ; 1 bytes @ 0x0
   357  0076                     	ds	3
   358  0079                     ??_I2C_Slave_Init:	
   359  0079                     I2C_Slave_Init@address:	
   360                           ; 1 bytes @ 0x3
   361                           
   362                           
   363                           ; 1 bytes @ 0x3
   364  0079                     	ds	1
   365  007A                     ??_setup:	
   366  007A                     ??_main:	
   367                           ; 1 bytes @ 0x4
   368                           
   369                           
   370                           ; 1 bytes @ 0x4
   371  007A                     	ds	1
   372                           
   373                           	psect	maintext
   374  007E                     __pmaintext:	
   375 ;;
   376 ;;Main: autosize = 0, tempsize = 1, incstack = 0, save=0
   377 ;;
   378 ;; *************** function _main *****************
   379 ;; Defined at:
   380 ;;		line 76 in file "main.c"
   381 ;; Parameters:    Size  Location     Type
   382 ;;		None
   383 ;; Auto vars:     Size  Location     Type
   384 ;;		None
   385 ;; Return value:  Size  Location     Type
   386 ;;                  1    wreg      void 
   387 ;; Registers used:
   388 ;;		wreg, status,2, status,0, pclath, cstack
   389 ;; Tracked objects:
   390 ;;		On entry : B00/0
   391 ;;		On exit  : 0/0
   392 ;;		Unchanged: 0/0
   393 ;; Data sizes:     COMMON   BANK0   BANK1   BANK3   BANK2
   394 ;;      Params:         0       0       0       0       0
   395 ;;      Locals:         0       0       0       0       0
   396 ;;      Temps:          1       0       0       0       0
   397 ;;      Totals:         1       0       0       0       0
   398 ;;Total ram usage:        1 bytes
   399 ;; Hardware stack levels required when called:    3
   400 ;; This function calls:
   401 ;;		_setup
   402 ;; This function is called by:
   403 ;;		Startup code after reset
   404 ;; This function uses a non-reentrant model
   405 ;;
   406                           
   407                           
   408                           ;psect for function _main
   409  007E                     _main:	
   410  007E                     l779:	
   411                           ;incstack = 0
   412                           ; Regs used in _main: [wreg+status,2+status,0+pclath+cstack]
   413                           
   414                           
   415                           ;main.c: 77:     setup();
   416  007E  120A  118A  20CE  120A  118A  	fcall	_setup
   417  0083                     l781:	
   418                           
   419                           ;main.c: 79:         if (PORTBbits.RB0 == 1 && past1 == 0){
   420  0083  1283               	bcf	3,5	;RP0=0, select bank0
   421  0084  1303               	bcf	3,6	;RP1=0, select bank0
   422  0085  1C06               	btfss	6,0	;volatile
   423  0086  2888               	goto	u121
   424  0087  2889               	goto	u120
   425  0088                     u121:	
   426  0088  289C               	goto	l793
   427  0089                     u120:	
   428  0089                     l783:	
   429  0089  0871               	movf	_past1,w
   430  008A  1D03               	btfss	3,2
   431  008B  288D               	goto	u131
   432  008C  288E               	goto	u130
   433  008D                     u131:	
   434  008D  289C               	goto	l793
   435  008E                     u130:	
   436  008E                     l785:	
   437                           
   438                           ;main.c: 80:             if(PORTA == 15){
   439  008E  300F               	movlw	15
   440  008F  0605               	xorwf	5,w	;volatile
   441  0090  1D03               	btfss	3,2
   442  0091  2893               	goto	u141
   443  0092  2894               	goto	u140
   444  0093                     u141:	
   445  0093  2896               	goto	l789
   446  0094                     u140:	
   447  0094                     l787:	
   448                           
   449                           ;main.c: 81:                 PORTA = 0;
   450  0094  0185               	clrf	5	;volatile
   451                           
   452                           ;main.c: 82:             }else{
   453  0095  289A               	goto	l791
   454  0096                     l789:	
   455                           
   456                           ;main.c: 83:                 PORTA++;
   457  0096  3001               	movlw	1
   458  0097  00FA               	movwf	??_main
   459  0098  087A               	movf	??_main,w
   460  0099  0785               	addwf	5,f	;volatile
   461  009A                     l791:	
   462                           
   463                           ;main.c: 85:             past1 = 1;
   464  009A  01F1               	clrf	_past1
   465  009B  0AF1               	incf	_past1,f
   466  009C                     l793:	
   467                           
   468                           ;main.c: 87:         if (PORTBbits.RB1 == 1 && past2 == 0){
   469  009C  1C86               	btfss	6,1	;volatile
   470  009D  289F               	goto	u151
   471  009E  28A0               	goto	u150
   472  009F                     u151:	
   473  009F  2883               	goto	l781
   474  00A0                     u150:	
   475  00A0                     l795:	
   476  00A0  0870               	movf	_past2,w
   477  00A1  1D03               	btfss	3,2
   478  00A2  28A4               	goto	u161
   479  00A3  28A5               	goto	u160
   480  00A4                     u161:	
   481  00A4  2883               	goto	l781
   482  00A5                     u160:	
   483  00A5                     l797:	
   484                           
   485                           ;main.c: 88:             PORTA--;
   486  00A5  3001               	movlw	1
   487  00A6  0285               	subwf	5,f	;volatile
   488  00A7                     l799:	
   489                           
   490                           ;main.c: 89:             if(PORTA > 15){
   491  00A7  3010               	movlw	16
   492  00A8  0205               	subwf	5,w	;volatile
   493  00A9  1C03               	skipc
   494  00AA  28AC               	goto	u171
   495  00AB  28AD               	goto	u170
   496  00AC                     u171:	
   497  00AC  28AE               	goto	l803
   498  00AD                     u170:	
   499  00AD                     l801:	
   500                           
   501                           ;main.c: 90:                 PORTA = 0;
   502  00AD  0185               	clrf	5	;volatile
   503  00AE                     l803:	
   504                           
   505                           ;main.c: 92:             past2 = 1;
   506  00AE  01F0               	clrf	_past2
   507  00AF  0AF0               	incf	_past2,f
   508  00B0  2883               	goto	l781
   509  00B1  120A  118A  280C   	ljmp	start
   510  00B4                     __end_of_main:	
   511                           
   512                           	psect	text1
   513  00CE                     __ptext1:	
   514 ;; *************** function _setup *****************
   515 ;; Defined at:
   516 ;;		line 98 in file "main.c"
   517 ;; Parameters:    Size  Location     Type
   518 ;;		None
   519 ;; Auto vars:     Size  Location     Type
   520 ;;		None
   521 ;; Return value:  Size  Location     Type
   522 ;;                  1    wreg      void 
   523 ;; Registers used:
   524 ;;		wreg, status,2, status,0, pclath, cstack
   525 ;; Tracked objects:
   526 ;;		On entry : 0/0
   527 ;;		On exit  : 0/0
   528 ;;		Unchanged: 0/0
   529 ;; Data sizes:     COMMON   BANK0   BANK1   BANK3   BANK2
   530 ;;      Params:         0       0       0       0       0
   531 ;;      Locals:         0       0       0       0       0
   532 ;;      Temps:          0       0       0       0       0
   533 ;;      Totals:         0       0       0       0       0
   534 ;;Total ram usage:        0 bytes
   535 ;; Hardware stack levels used:    1
   536 ;; Hardware stack levels required when called:    2
   537 ;; This function calls:
   538 ;;		_I2C_Slave_Init
   539 ;; This function is called by:
   540 ;;		_main
   541 ;; This function uses a non-reentrant model
   542 ;;
   543                           
   544                           
   545                           ;psect for function _setup
   546  00CE                     _setup:	
   547  00CE                     l733:	
   548                           ;incstack = 0
   549                           ; Regs used in _setup: [wreg+status,2+status,0+pclath+cstack]
   550                           
   551                           
   552                           ;main.c: 99:     TRISA = 0;
   553  00CE  1683               	bsf	3,5	;RP0=1, select bank1
   554  00CF  1303               	bcf	3,6	;RP1=0, select bank1
   555  00D0  0185               	clrf	5	;volatile
   556                           
   557                           ;main.c: 100:     TRISB = 0;
   558  00D1  0186               	clrf	6	;volatile
   559  00D2                     l735:	
   560                           
   561                           ;main.c: 101:     TRISBbits.TRISB0 = 1;
   562  00D2  1406               	bsf	6,0	;volatile
   563  00D3                     l737:	
   564                           
   565                           ;main.c: 102:     TRISBbits.TRISB1 = 1;
   566  00D3  1486               	bsf	6,1	;volatile
   567                           
   568                           ;main.c: 103:     PORTA = 0;
   569  00D4  1283               	bcf	3,5	;RP0=0, select bank0
   570  00D5  1303               	bcf	3,6	;RP1=0, select bank0
   571  00D6  0185               	clrf	5	;volatile
   572  00D7                     l739:	
   573                           
   574                           ;main.c: 104:     I2C_Slave_Init(0x40);
   575  00D7  3040               	movlw	64
   576  00D8  120A  118A  20B4  120A  118A  	fcall	_I2C_Slave_Init
   577  00DD                     l72:	
   578  00DD  0008               	return
   579  00DE                     __end_of_setup:	
   580                           
   581                           	psect	text2
   582  00B4                     __ptext2:	
   583 ;; *************** function _I2C_Slave_Init *****************
   584 ;; Defined at:
   585 ;;		line 94 in file "I2C.c"
   586 ;; Parameters:    Size  Location     Type
   587 ;;  address         1    wreg     unsigned char 
   588 ;; Auto vars:     Size  Location     Type
   589 ;;  address         1    3[COMMON] unsigned char 
   590 ;; Return value:  Size  Location     Type
   591 ;;                  1    wreg      void 
   592 ;; Registers used:
   593 ;;		wreg
   594 ;; Tracked objects:
   595 ;;		On entry : 0/0
   596 ;;		On exit  : 0/0
   597 ;;		Unchanged: 0/0
   598 ;; Data sizes:     COMMON   BANK0   BANK1   BANK3   BANK2
   599 ;;      Params:         0       0       0       0       0
   600 ;;      Locals:         1       0       0       0       0
   601 ;;      Temps:          0       0       0       0       0
   602 ;;      Totals:         1       0       0       0       0
   603 ;;Total ram usage:        1 bytes
   604 ;; Hardware stack levels used:    1
   605 ;; Hardware stack levels required when called:    1
   606 ;; This function calls:
   607 ;;		Nothing
   608 ;; This function is called by:
   609 ;;		_setup
   610 ;; This function uses a non-reentrant model
   611 ;;
   612                           
   613                           
   614                           ;psect for function _I2C_Slave_Init
   615  00B4                     _I2C_Slave_Init:	
   616                           
   617                           ;incstack = 0
   618                           ; Regs used in _I2C_Slave_Init: [wreg]
   619                           ;I2C_Slave_Init@address stored from wreg
   620  00B4  00F9               	movwf	I2C_Slave_Init@address
   621  00B5                     l719:	
   622                           
   623                           ;I2C.c: 94: void I2C_Slave_Init(uint8_t address);I2C.c: 95: {;I2C.c: 96:     SSPADD = ad
      +                          dress;
   624  00B5  0879               	movf	I2C_Slave_Init@address,w
   625  00B6  1683               	bsf	3,5	;RP0=1, select bank1
   626  00B7  1303               	bcf	3,6	;RP1=0, select bank1
   627  00B8  0093               	movwf	19	;volatile
   628                           
   629                           ;I2C.c: 97:     SSPCON = 0x36;
   630  00B9  3036               	movlw	54
   631  00BA  1283               	bcf	3,5	;RP0=0, select bank0
   632  00BB  1303               	bcf	3,6	;RP1=0, select bank0
   633  00BC  0094               	movwf	20	;volatile
   634                           
   635                           ;I2C.c: 98:     SSPSTAT = 0x80;
   636  00BD  3080               	movlw	128
   637  00BE  1683               	bsf	3,5	;RP0=1, select bank1
   638  00BF  1303               	bcf	3,6	;RP1=0, select bank1
   639  00C0  0094               	movwf	20	;volatile
   640                           
   641                           ;I2C.c: 99:     SSPCON2 = 0x01;
   642  00C1  3001               	movlw	1
   643  00C2  0091               	movwf	17	;volatile
   644  00C3                     l721:	
   645                           
   646                           ;I2C.c: 100:     TRISC3 = 1;
   647  00C3  1587               	bsf	7,3	;volatile
   648  00C4                     l723:	
   649                           
   650                           ;I2C.c: 101:     TRISC4 = 1;
   651  00C4  1607               	bsf	7,4	;volatile
   652  00C5                     l725:	
   653                           
   654                           ;I2C.c: 102:     GIE = 1;
   655  00C5  178B               	bsf	11,7	;volatile
   656  00C6                     l727:	
   657                           
   658                           ;I2C.c: 103:     PEIE = 1;
   659  00C6  170B               	bsf	11,6	;volatile
   660  00C7                     l729:	
   661                           
   662                           ;I2C.c: 104:     SSPIF = 0;
   663  00C7  1283               	bcf	3,5	;RP0=0, select bank0
   664  00C8  1303               	bcf	3,6	;RP1=0, select bank0
   665  00C9  118C               	bcf	12,3	;volatile
   666  00CA                     l731:	
   667                           
   668                           ;I2C.c: 105:     SSPIE = 1;
   669  00CA  1683               	bsf	3,5	;RP0=1, select bank1
   670  00CB  1303               	bcf	3,6	;RP1=0, select bank1
   671  00CC  158C               	bsf	12,3	;volatile
   672  00CD                     l127:	
   673  00CD  0008               	return
   674  00CE                     __end_of_I2C_Slave_Init:	
   675                           
   676                           	psect	text3
   677  0019                     __ptext3:	
   678 ;; *************** function _isr *****************
   679 ;; Defined at:
   680 ;;		line 42 in file "main.c"
   681 ;; Parameters:    Size  Location     Type
   682 ;;		None
   683 ;; Auto vars:     Size  Location     Type
   684 ;;		None
   685 ;; Return value:  Size  Location     Type
   686 ;;                  1    wreg      void 
   687 ;; Registers used:
   688 ;;		wreg
   689 ;; Tracked objects:
   690 ;;		On entry : 0/0
   691 ;;		On exit  : 0/0
   692 ;;		Unchanged: 0/0
   693 ;; Data sizes:     COMMON   BANK0   BANK1   BANK3   BANK2
   694 ;;      Params:         0       0       0       0       0
   695 ;;      Locals:         0       0       0       0       0
   696 ;;      Temps:          3       0       0       0       0
   697 ;;      Totals:         3       0       0       0       0
   698 ;;Total ram usage:        3 bytes
   699 ;; Hardware stack levels used:    1
   700 ;; This function calls:
   701 ;;		Nothing
   702 ;; This function is called by:
   703 ;;		Interrupt level 1
   704 ;; This function uses a non-reentrant model
   705 ;;
   706                           
   707                           
   708                           ;psect for function _isr
   709  0019                     _isr:	
   710  0019                     i1l745:	
   711                           
   712                           ;main.c: 43:    if(PIR1bits.SSPIF == 1){
   713  0019  1283               	bcf	3,5	;RP0=0, select bank0
   714  001A  1303               	bcf	3,6	;RP1=0, select bank0
   715  001B  1D8C               	btfss	12,3	;volatile
   716  001C  281E               	goto	u3_21
   717  001D  281F               	goto	u3_20
   718  001E                     u3_21:	
   719  001E  2877               	goto	i1l56
   720  001F                     u3_20:	
   721  001F                     i1l747:	
   722                           
   723                           ;main.c: 44:         SSPCONbits.CKP = 0;
   724  001F  1214               	bcf	20,4	;volatile
   725                           
   726                           ;main.c: 46:         if ((SSPCONbits.SSPOV) || (SSPCONbits.WCOL)){
   727  0020  1B14               	btfsc	20,6	;volatile
   728  0021  2823               	goto	u4_21
   729  0022  2824               	goto	u4_20
   730  0023                     u4_21:	
   731  0023  2828               	goto	i1l751
   732  0024                     u4_20:	
   733  0024                     i1l749:	
   734  0024  1F94               	btfss	20,7	;volatile
   735  0025  2827               	goto	u5_21
   736  0026  2828               	goto	u5_20
   737  0027                     u5_21:	
   738  0027  282F               	goto	i1l759
   739  0028                     u5_20:	
   740  0028                     i1l751:	
   741                           
   742                           ;main.c: 47:             z = SSPBUF;
   743  0028  0813               	movf	19,w	;volatile
   744  0029  00F6               	movwf	??_isr
   745  002A  0876               	movf	??_isr,w
   746  002B  00F5               	movwf	_z
   747  002C                     i1l753:	
   748                           
   749                           ;main.c: 48:             SSPCONbits.SSPOV = 0;
   750  002C  1314               	bcf	20,6	;volatile
   751  002D                     i1l755:	
   752                           
   753                           ;main.c: 49:             SSPCONbits.WCOL = 0;
   754  002D  1394               	bcf	20,7	;volatile
   755  002E                     i1l757:	
   756                           
   757                           ;main.c: 50:             SSPCONbits.CKP = 1;
   758  002E  1614               	bsf	20,4	;volatile
   759  002F                     i1l759:	
   760                           
   761                           ;main.c: 53:         if(!SSPSTATbits.D_nA && !SSPSTATbits.R_nW) {
   762  002F  1683               	bsf	3,5	;RP0=1, select bank1
   763  0030  1303               	bcf	3,6	;RP1=0, select bank1
   764  0031  1A94               	btfsc	20,5	;volatile
   765  0032  2834               	goto	u6_21
   766  0033  2835               	goto	u6_20
   767  0034                     u6_21:	
   768  0034  2853               	goto	i1l47
   769  0035                     u6_20:	
   770  0035                     i1l761:	
   771  0035  1914               	btfsc	20,2	;volatile
   772  0036  2838               	goto	u7_21
   773  0037  2839               	goto	u7_20
   774  0038                     u7_21:	
   775  0038  2853               	goto	i1l47
   776  0039                     u7_20:	
   777  0039                     i1l763:	
   778                           
   779                           ;main.c: 55:             z = SSPBUF;
   780  0039  1283               	bcf	3,5	;RP0=0, select bank0
   781  003A  1303               	bcf	3,6	;RP1=0, select bank0
   782  003B  0813               	movf	19,w	;volatile
   783  003C  00F6               	movwf	??_isr
   784  003D  0876               	movf	??_isr,w
   785  003E  00F5               	movwf	_z
   786  003F                     i1l765:	
   787                           
   788                           ;main.c: 57:             PIR1bits.SSPIF = 0;
   789  003F  118C               	bcf	12,3	;volatile
   790  0040                     i1l767:	
   791                           
   792                           ;main.c: 58:             SSPCONbits.CKP = 1;
   793  0040  1614               	bsf	20,4	;volatile
   794  0041                     i1l48:	
   795                           ;main.c: 59:             while(!SSPSTATbits.BF);
   796                           
   797  0041  1683               	bsf	3,5	;RP0=1, select bank1
   798  0042  1303               	bcf	3,6	;RP1=0, select bank1
   799  0043  1C14               	btfss	20,0	;volatile
   800  0044  2846               	goto	u8_21
   801  0045  2847               	goto	u8_20
   802  0046                     u8_21:	
   803  0046  2841               	goto	i1l48
   804  0047                     u8_20:	
   805  0047                     i1l769:	
   806                           
   807                           ;main.c: 60:             readed = SSPBUF;
   808  0047  1283               	bcf	3,5	;RP0=0, select bank0
   809  0048  1303               	bcf	3,6	;RP1=0, select bank0
   810  0049  0813               	movf	19,w	;volatile
   811  004A  00F6               	movwf	??_isr
   812  004B  0876               	movf	??_isr,w
   813  004C  00F3               	movwf	_readed
   814                           
   815                           ;main.c: 61:             _delay((unsigned long)((250)*(8000000/4000000.0)));
   816  004D  30A6               	movlw	166
   817  004E  00F6               	movwf	??_isr
   818  004F                     u20_27:	
   819  004F  0BF6               	decfsz	??_isr,f
   820  0050  284F               	goto	u20_27
   821  0051  0000               	nop
   822                           
   823                           ;main.c: 63:         }else if(!SSPSTATbits.D_nA && SSPSTATbits.R_nW){
   824  0052  2874               	goto	i1l51
   825  0053                     i1l47:	
   826  0053  1A94               	btfsc	20,5	;volatile
   827  0054  2856               	goto	u9_21
   828  0055  2857               	goto	u9_20
   829  0056                     u9_21:	
   830  0056  2874               	goto	i1l51
   831  0057                     u9_20:	
   832  0057                     i1l771:	
   833  0057  1D14               	btfss	20,2	;volatile
   834  0058  285A               	goto	u10_21
   835  0059  285B               	goto	u10_20
   836  005A                     u10_21:	
   837  005A  2874               	goto	i1l51
   838  005B                     u10_20:	
   839  005B                     i1l773:	
   840                           
   841                           ;main.c: 64:             z = SSPBUF;
   842  005B  1283               	bcf	3,5	;RP0=0, select bank0
   843  005C  1303               	bcf	3,6	;RP1=0, select bank0
   844  005D  0813               	movf	19,w	;volatile
   845  005E  00F6               	movwf	??_isr
   846  005F  0876               	movf	??_isr,w
   847  0060  00F5               	movwf	_z
   848  0061                     i1l775:	
   849                           
   850                           ;main.c: 65:             BF = 0;
   851  0061  1683               	bsf	3,5	;RP0=1, select bank1
   852  0062  1303               	bcf	3,6	;RP1=0, select bank1
   853  0063  1014               	bcf	20,0	;volatile
   854                           
   855                           ;main.c: 66:             SSPBUF = PORTA;
   856  0064  1283               	bcf	3,5	;RP0=0, select bank0
   857  0065  1303               	bcf	3,6	;RP1=0, select bank0
   858  0066  0805               	movf	5,w	;volatile
   859  0067  0093               	movwf	19	;volatile
   860  0068                     i1l777:	
   861                           
   862                           ;main.c: 67:             SSPCONbits.CKP = 1;
   863  0068  1614               	bsf	20,4	;volatile
   864                           
   865                           ;main.c: 68:             _delay((unsigned long)((250)*(8000000/4000000.0)));
   866  0069  30A6               	movlw	166
   867  006A  00F6               	movwf	??_isr
   868  006B                     u21_27:	
   869  006B  0BF6               	decfsz	??_isr,f
   870  006C  286B               	goto	u21_27
   871  006D  0000               	nop
   872  006E                     i1l53:	
   873                           ;main.c: 69:             while(SSPSTATbits.BF);
   874                           
   875  006E  1683               	bsf	3,5	;RP0=1, select bank1
   876  006F  1303               	bcf	3,6	;RP1=0, select bank1
   877  0070  1814               	btfsc	20,0	;volatile
   878  0071  2873               	goto	u11_21
   879  0072  2874               	goto	u11_20
   880  0073                     u11_21:	
   881  0073  286E               	goto	i1l53
   882  0074                     u11_20:	
   883  0074                     i1l51:	
   884                           
   885                           ;main.c: 72:         PIR1bits.SSPIF = 0;
   886  0074  1283               	bcf	3,5	;RP0=0, select bank0
   887  0075  1303               	bcf	3,6	;RP1=0, select bank0
   888  0076  118C               	bcf	12,3	;volatile
   889  0077                     i1l56:	
   890  0077  0878               	movf	??_isr+2,w
   891  0078  008A               	movwf	10
   892  0079  0E77               	swapf	(??_isr+1)^(0+4294967168),w
   893  007A  0083               	movwf	3
   894  007B  0EFE               	swapf	btemp,f
   895  007C  0E7E               	swapf	btemp,w
   896  007D  0009               	retfie
   897  007E                     __end_of_isr:	
   898  007E                     btemp	set	126	;btemp
   899  007E                     wtemp0	set	126
   900                           
   901                           	psect	intentry
   902  0004                     __pintentry:	
   903                           ;incstack = 0
   904                           ; Regs used in _isr: [wreg]
   905                           
   906  0004                     interrupt_function:	
   907  007E                     saved_w	set	btemp
   908  0004  00FE               	movwf	btemp
   909  0005  0E03               	swapf	3,w
   910  0006  00F7               	movwf	??_isr+1
   911  0007  080A               	movf	10,w
   912  0008  00F8               	movwf	??_isr+2
   913  0009  120A  118A  2819   	ljmp	_isr


Data Sizes:
    Strings     0
    Constant    0
    Data        0
    BSS         6
    Persistent  0
    Stack       0

Auto Spaces:
    Space          Size  Autos    Used
    COMMON           14      5      11
    BANK0            80      0       0
    BANK1            80      0       0
    BANK3            96      0       0
    BANK2            96      0       0

Pointer List with Targets:

    None.

Critical Paths under _main in COMMON

    _setup->_I2C_Slave_Init

Critical Paths under _isr in COMMON

    None.

Critical Paths under _main in BANK0

    None.

Critical Paths under _isr in BANK0

    None.

Critical Paths under _main in BANK1

    None.

Critical Paths under _isr in BANK1

    None.

Critical Paths under _main in BANK3

    None.

Critical Paths under _isr in BANK3

    None.

Critical Paths under _main in BANK2

    None.

Critical Paths under _isr in BANK2

    None.

Call Graph Tables:

 ---------------------------------------------------------------------------------
 (Depth) Function   	        Calls       Base Space   Used Autos Params    Refs
 ---------------------------------------------------------------------------------
 (0) _main                                                 1     1      0      15
                                              4 COMMON     1     1      0
                              _setup
 ---------------------------------------------------------------------------------
 (1) _setup                                                0     0      0      15
                     _I2C_Slave_Init
 ---------------------------------------------------------------------------------
 (2) _I2C_Slave_Init                                       1     1      0      15
                                              3 COMMON     1     1      0
 ---------------------------------------------------------------------------------
 Estimated maximum stack depth 2
 ---------------------------------------------------------------------------------
 (Depth) Function   	        Calls       Base Space   Used Autos Params    Refs
 ---------------------------------------------------------------------------------
 (3) _isr                                                  3     3      0       0
                                              0 COMMON     3     3      0
 ---------------------------------------------------------------------------------
 Estimated maximum stack depth 3
 ---------------------------------------------------------------------------------

 Call Graph Graphs:

 _main (ROOT)
   _setup
     _I2C_Slave_Init

 _isr (ROOT)

 Address spaces:
Name               Size   Autos  Total    Cost      Usage
BITCOMMON            E      0       0       0        0.0%
EEDATA             100      0       0       0        0.0%
NULL                 0      0       0       0        0.0%
CODE                 0      0       0       0        0.0%
COMMON               E      5       B       1       78.6%
BITSFR0              0      0       0       1        0.0%
SFR0                 0      0       0       1        0.0%
BITSFR1              0      0       0       2        0.0%
SFR1                 0      0       0       2        0.0%
STACK                0      0       0       2        0.0%
ABS                  0      0       B       3        0.0%
BITBANK0            50      0       0       4        0.0%
BITSFR3              0      0       0       4        0.0%
SFR3                 0      0       0       4        0.0%
BANK0               50      0       0       5        0.0%
BITSFR2              0      0       0       5        0.0%
SFR2                 0      0       0       5        0.0%
BITBANK1            50      0       0       6        0.0%
BANK1               50      0       0       7        0.0%
BITBANK3            60      0       0       8        0.0%
BANK3               60      0       0       9        0.0%
BITBANK2            60      0       0      10        0.0%
BANK2               60      0       0      11        0.0%
DATA                 0      0       B      12        0.0%


Microchip Technology PIC Macro Assembler V2.10 build 88905656 
Symbol Table                                                                                   Wed Feb 26 15:39:23 2020

                       _z 0075               __CFG_CP$OFF 0000               _SSPSTATbits 0094  
                      _BF 04A0                        l72 00DD                       l127 00CD  
                     l721 00C3                       l801 00AD                       l731 00CA  
                     l723 00C4                       l803 00AE                       l725 00C5  
                     l733 00CE                       l727 00C6                       l719 00B5  
                     l735 00D2                       l729 00C7                       l737 00D3  
                     l739 00D7                       l781 0083                       l791 009A  
                     l783 0089                       l785 008E                       l793 009C  
                     l795 00A0                       l787 0094                       l779 007E  
                     l797 00A5                       l789 0096                       l799 00A7  
                     _GIE 005F                       u120 0089                       u121 0088  
                     u130 008E                       u131 008D                       u140 0094  
                     u141 0093                       u150 00A0                       u151 009F  
                     u160 00A5                       u161 00A4                       u170 00AD  
                     u171 00AC              __CFG_CPD$OFF 0000                       _isr 0019  
            __CFG_LVP$OFF 0000                      ?_isr 0076                      _PEIE 005E  
                    i1l51 0074                      i1l53 006E                      i1l47 0053  
                    i1l48 0041                      i1l56 0077                      u3_20 001F  
                    u3_21 001E                      u4_20 0024                      u4_21 0023  
                    u5_20 0028                      u5_21 0027                      u6_20 0035  
                    u6_21 0034                      u7_20 0039                      u7_21 0038  
                    u8_20 0047                      u8_21 0046                      u9_20 0057  
                    u9_21 0056              __CFG_WRT$OFF 0000                      _dato 0074  
                    _cont 0072                      _main 007E                      btemp 007E  
                    start 000C             __CFG_IESO$OFF 0000                     ??_isr 0076  
                   ?_main 0076             __CFG_WDTE$OFF 0000                     i1l751 0028  
                   i1l761 0035                     i1l753 002C                     i1l745 0019  
                   i1l771 0057                     i1l763 0039                     i1l755 002D  
                   i1l747 001F                     i1l773 005B                     i1l765 003F  
                   i1l757 002E                     i1l749 0024                     i1l775 0061  
                   i1l767 0040                     i1l759 002F                     i1l777 0068  
                   i1l769 0047                     u10_20 005B                     u10_21 005A  
                   u11_20 0074                     u11_21 0073                     u20_27 004F  
                   u21_27 006B                     _PORTA 0005                     _TRISA 0085  
                   _TRISB 0086                     _SSPIE 0463                     _SSPIF 0063  
          __CFG_FCMEN$OFF 0000                     _past1 0071                     _past2 0070  
                   _setup 00CE            __CFG_BOREN$OFF 0000                     pclath 000A  
                   status 0003                     wtemp0 007E            __CFG_MCLRE$OFF 0000  
         __initialization 000F              __end_of_main 00B4                    ??_main 007A  
                  ?_setup 0076                    _SSPADD 0093                    _TRISC3 043B  
                  _TRISC4 043C                    _SSPBUF 0013                    _SSPCON 0014  
          __CFG_PWRTE$OFF 0000                    _readed 0073                    saved_w 007E  
 __end_of__initialization 0015            __pcstackCOMMON 0076   __size_of_I2C_Slave_Init 001A  
           __end_of_setup 00DE                   ??_setup 007A     I2C_Slave_Init@address 0079  
              __pmaintext 007E                __pintentry 0004                   _SSPCON2 0091  
                 _SSPSTAT 0094                   __ptext1 00CE                   __ptext2 00B4  
                 __ptext3 0019              __size_of_isr 0065      end_of_initialization 0015  
          _I2C_Slave_Init 00B4                 _PORTBbits 0006                 _TRISBbits 0086  
               _TRISCbits 0087    __end_of_I2C_Slave_Init 00CE       start_initialization 000F  
             __end_of_isr 007E  __CFG_FOSC$INTRC_NOCLKOUT 0000           ?_I2C_Slave_Init 0076  
             __pbssCOMMON 0070                 ___latbits 0002            __size_of_setup 0010  
       interrupt_function 0004                  _PIR1bits 000C         __CFG_BOR4V$BOR40V 0000  
        ??_I2C_Slave_Init 0079             __size_of_main 0036                  intlevel1 0000  
             _SSPCON2bits 0091                _SSPCONbits 0014  
