

Microchip MPLAB XC8 Assembler V2.10 build 88905656 
                                                                                               Thu Feb 27 10:48:29 2020

Microchip MPLAB XC8 C Compiler v2.10 (Free license) build 20190730164152 Og1 
     1                           	processor	16F887
     2                           	opt	pw 120
     3                           	opt	flic
     4                           	psect	cinit,global,class=CODE,merge=1,delta=2
     5                           	psect	bssCOMMON,global,class=COMMON,space=1,delta=1
     6                           	psect	cstackCOMMON,global,class=COMMON,space=1,delta=1
     7                           	psect	maintext,global,class=CODE,split=1,delta=2
     8                           	psect	text1,local,class=CODE,merge=1,delta=2
     9                           	psect	text2,local,class=CODE,merge=1,delta=2
    10                           	psect	text3,local,class=CODE,merge=1,delta=2
    11                           	psect	text4,local,class=CODE,merge=1,delta=2
    12                           	psect	text5,local,class=CODE,merge=1,delta=2
    13                           	psect	intentry,global,class=CODE,delta=2
    14                           	dabs	1,0x7E,2
    15  0000                     
    16                           ; Version 2.10
    17                           ; Generated 31/07/2019 GMT
    18                           ; 
    19                           ; Copyright © 2019, Microchip Technology Inc. and its subsidiaries ("Microchip")
    20                           ; All rights reserved.
    21                           ; 
    22                           ; This software is developed by Microchip Technology Inc. and its subsidiaries ("Microch
      +                          ip").
    23                           ; 
    24                           ; Redistribution and use in source and binary forms, with or without modification, are
    25                           ; permitted provided that the following conditions are met:
    26                           ; 
    27                           ;     1. Redistributions of source code must retain the above copyright notice, this lis
      +                          t of
    28                           ;        conditions and the following disclaimer.
    29                           ; 
    30                           ;     2. Redistributions in binary form must reproduce the above copyright notice, this 
      +                          list
    31                           ;        of conditions and the following disclaimer in the documentation and/or other
    32                           ;        materials provided with the distribution.
    33                           ; 
    34                           ;     3. Microchip's name may not be used to endorse or promote products derived from th
      +                          is
    35                           ;        software without specific prior written permission.
    36                           ; 
    37                           ; THIS SOFTWARE IS PROVIDED BY MICROCHIP "AS IS" AND ANY EXPRESS OR IMPLIED WARRANTIES,
    38                           ; INCLUDING, BUT NOT LIMITED TO, THE IMPLIED WARRANTIES OF MERCHANTABILITY AND FITNESS F
      +                          OR
    39                           ; PURPOSE ARE DISCLAIMED.  IN NO EVENT SHALL MICROCHIP BE LIABLE FOR ANY DIRECT, INDIREC
      +                          T,
    40                           ; INCIDENTAL, SPECIAL, EXEMPLARY, OR CONSEQUENTIAL DAMAGES (INCLUDING BUT NOT LIMITED TO
    41                           ; PROCUREMENT OF SUBSTITUTE GOODS OR SERVICES; LOSS OF USE, DATA OR PROFITS; OR BUSINESS
    42                           ; INTERRUPTION) HOWSOEVER CAUSED AND ON ANY THEORY OF LIABILITY, WHETHER IN CONTRACT, ST
      +                          RICT
    43                           ; LIABILITY, OR TORT (INCLUDING NEGLIGENCE OR OTHERWISE) ARISING IN ANY WAY OUT OF THE U
      +                          SE OF
    44                           ; THIS SOFTWARE, EVEN IF ADVISED OF THE POSSIBILITY OF SUCH DAMAGE.
    45                           ; 
    46                           ; 
    47                           ; Code-generator required, PIC16F887 Definitions
    48                           ; 
    49                           ; SFR Addresses
    50  0000                     	;# 
    51  0001                     	;# 
    52  0002                     	;# 
    53  0003                     	;# 
    54  0004                     	;# 
    55  0005                     	;# 
    56  0006                     	;# 
    57  0007                     	;# 
    58  0008                     	;# 
    59  0009                     	;# 
    60  000A                     	;# 
    61  000B                     	;# 
    62  000C                     	;# 
    63  000D                     	;# 
    64  000E                     	;# 
    65  000E                     	;# 
    66  000F                     	;# 
    67  0010                     	;# 
    68  0011                     	;# 
    69  0012                     	;# 
    70  0013                     	;# 
    71  0014                     	;# 
    72  0015                     	;# 
    73  0015                     	;# 
    74  0016                     	;# 
    75  0017                     	;# 
    76  0018                     	;# 
    77  0019                     	;# 
    78  001A                     	;# 
    79  001B                     	;# 
    80  001B                     	;# 
    81  001C                     	;# 
    82  001D                     	;# 
    83  001E                     	;# 
    84  001F                     	;# 
    85  0081                     	;# 
    86  0085                     	;# 
    87  0086                     	;# 
    88  0087                     	;# 
    89  0088                     	;# 
    90  0089                     	;# 
    91  008C                     	;# 
    92  008D                     	;# 
    93  008E                     	;# 
    94  008F                     	;# 
    95  0090                     	;# 
    96  0091                     	;# 
    97  0092                     	;# 
    98  0093                     	;# 
    99  0093                     	;# 
   100  0093                     	;# 
   101  0094                     	;# 
   102  0095                     	;# 
   103  0096                     	;# 
   104  0097                     	;# 
   105  0098                     	;# 
   106  0099                     	;# 
   107  009A                     	;# 
   108  009B                     	;# 
   109  009C                     	;# 
   110  009D                     	;# 
   111  009E                     	;# 
   112  009F                     	;# 
   113  0105                     	;# 
   114  0107                     	;# 
   115  0108                     	;# 
   116  0109                     	;# 
   117  010C                     	;# 
   118  010C                     	;# 
   119  010D                     	;# 
   120  010E                     	;# 
   121  010F                     	;# 
   122  0185                     	;# 
   123  0187                     	;# 
   124  0188                     	;# 
   125  0189                     	;# 
   126  018C                     	;# 
   127  018D                     	;# 
   128  0000                     	;# 
   129  0001                     	;# 
   130  0002                     	;# 
   131  0003                     	;# 
   132  0004                     	;# 
   133  0005                     	;# 
   134  0006                     	;# 
   135  0007                     	;# 
   136  0008                     	;# 
   137  0009                     	;# 
   138  000A                     	;# 
   139  000B                     	;# 
   140  000C                     	;# 
   141  000D                     	;# 
   142  000E                     	;# 
   143  000E                     	;# 
   144  000F                     	;# 
   145  0010                     	;# 
   146  0011                     	;# 
   147  0012                     	;# 
   148  0013                     	;# 
   149  0014                     	;# 
   150  0015                     	;# 
   151  0015                     	;# 
   152  0016                     	;# 
   153  0017                     	;# 
   154  0018                     	;# 
   155  0019                     	;# 
   156  001A                     	;# 
   157  001B                     	;# 
   158  001B                     	;# 
   159  001C                     	;# 
   160  001D                     	;# 
   161  001E                     	;# 
   162  001F                     	;# 
   163  0081                     	;# 
   164  0085                     	;# 
   165  0086                     	;# 
   166  0087                     	;# 
   167  0088                     	;# 
   168  0089                     	;# 
   169  008C                     	;# 
   170  008D                     	;# 
   171  008E                     	;# 
   172  008F                     	;# 
   173  0090                     	;# 
   174  0091                     	;# 
   175  0092                     	;# 
   176  0093                     	;# 
   177  0093                     	;# 
   178  0093                     	;# 
   179  0094                     	;# 
   180  0095                     	;# 
   181  0096                     	;# 
   182  0097                     	;# 
   183  0098                     	;# 
   184  0099                     	;# 
   185  009A                     	;# 
   186  009B                     	;# 
   187  009C                     	;# 
   188  009D                     	;# 
   189  009E                     	;# 
   190  009F                     	;# 
   191  0105                     	;# 
   192  0107                     	;# 
   193  0108                     	;# 
   194  0109                     	;# 
   195  010C                     	;# 
   196  010C                     	;# 
   197  010D                     	;# 
   198  010E                     	;# 
   199  010F                     	;# 
   200  0185                     	;# 
   201  0187                     	;# 
   202  0188                     	;# 
   203  0189                     	;# 
   204  018C                     	;# 
   205  018D                     	;# 
   206  0000                     	;# 
   207  0001                     	;# 
   208  0002                     	;# 
   209  0003                     	;# 
   210  0004                     	;# 
   211  0005                     	;# 
   212  0006                     	;# 
   213  0007                     	;# 
   214  0008                     	;# 
   215  0009                     	;# 
   216  000A                     	;# 
   217  000B                     	;# 
   218  000C                     	;# 
   219  000D                     	;# 
   220  000E                     	;# 
   221  000E                     	;# 
   222  000F                     	;# 
   223  0010                     	;# 
   224  0011                     	;# 
   225  0012                     	;# 
   226  0013                     	;# 
   227  0014                     	;# 
   228  0015                     	;# 
   229  0015                     	;# 
   230  0016                     	;# 
   231  0017                     	;# 
   232  0018                     	;# 
   233  0019                     	;# 
   234  001A                     	;# 
   235  001B                     	;# 
   236  001B                     	;# 
   237  001C                     	;# 
   238  001D                     	;# 
   239  001E                     	;# 
   240  001F                     	;# 
   241  0081                     	;# 
   242  0085                     	;# 
   243  0086                     	;# 
   244  0087                     	;# 
   245  0088                     	;# 
   246  0089                     	;# 
   247  008C                     	;# 
   248  008D                     	;# 
   249  008E                     	;# 
   250  008F                     	;# 
   251  0090                     	;# 
   252  0091                     	;# 
   253  0092                     	;# 
   254  0093                     	;# 
   255  0093                     	;# 
   256  0093                     	;# 
   257  0094                     	;# 
   258  0095                     	;# 
   259  0096                     	;# 
   260  0097                     	;# 
   261  0098                     	;# 
   262  0099                     	;# 
   263  009A                     	;# 
   264  009B                     	;# 
   265  009C                     	;# 
   266  009D                     	;# 
   267  009E                     	;# 
   268  009F                     	;# 
   269  0105                     	;# 
   270  0107                     	;# 
   271  0108                     	;# 
   272  0109                     	;# 
   273  010C                     	;# 
   274  010C                     	;# 
   275  010D                     	;# 
   276  010E                     	;# 
   277  010F                     	;# 
   278  0185                     	;# 
   279  0187                     	;# 
   280  0188                     	;# 
   281  0189                     	;# 
   282  018C                     	;# 
   283  018D                     	;# 
   284  0000                     	;# 
   285  0001                     	;# 
   286  0002                     	;# 
   287  0003                     	;# 
   288  0004                     	;# 
   289  0005                     	;# 
   290  0006                     	;# 
   291  0007                     	;# 
   292  0008                     	;# 
   293  0009                     	;# 
   294  000A                     	;# 
   295  000B                     	;# 
   296  000C                     	;# 
   297  000D                     	;# 
   298  000E                     	;# 
   299  000E                     	;# 
   300  000F                     	;# 
   301  0010                     	;# 
   302  0011                     	;# 
   303  0012                     	;# 
   304  0013                     	;# 
   305  0014                     	;# 
   306  0015                     	;# 
   307  0015                     	;# 
   308  0016                     	;# 
   309  0017                     	;# 
   310  0018                     	;# 
   311  0019                     	;# 
   312  001A                     	;# 
   313  001B                     	;# 
   314  001B                     	;# 
   315  001C                     	;# 
   316  001D                     	;# 
   317  001E                     	;# 
   318  001F                     	;# 
   319  0081                     	;# 
   320  0085                     	;# 
   321  0086                     	;# 
   322  0087                     	;# 
   323  0088                     	;# 
   324  0089                     	;# 
   325  008C                     	;# 
   326  008D                     	;# 
   327  008E                     	;# 
   328  008F                     	;# 
   329  0090                     	;# 
   330  0091                     	;# 
   331  0092                     	;# 
   332  0093                     	;# 
   333  0093                     	;# 
   334  0093                     	;# 
   335  0094                     	;# 
   336  0095                     	;# 
   337  0096                     	;# 
   338  0097                     	;# 
   339  0098                     	;# 
   340  0099                     	;# 
   341  009A                     	;# 
   342  009B                     	;# 
   343  009C                     	;# 
   344  009D                     	;# 
   345  009E                     	;# 
   346  009F                     	;# 
   347  0105                     	;# 
   348  0107                     	;# 
   349  0108                     	;# 
   350  0109                     	;# 
   351  010C                     	;# 
   352  010C                     	;# 
   353  010D                     	;# 
   354  010E                     	;# 
   355  010F                     	;# 
   356  0185                     	;# 
   357  0187                     	;# 
   358  0188                     	;# 
   359  0189                     	;# 
   360  018C                     	;# 
   361  018D                     	;# 
   362  0014                     _SSPCON	set	20
   363  0008                     _PORTD	set	8
   364  0006                     _PORTB	set	6
   365  001F                     _ADCON0bits	set	31
   366  001E                     _ADRESH	set	30
   367  0013                     _SSPBUF	set	19
   368  0014                     _SSPCONbits	set	20
   369  000C                     _PIR1bits	set	12
   370  000B                     _INTCONbits	set	11
   371  0063                     _SSPIF	set	99
   372  005E                     _PEIE	set	94
   373  005F                     _GIE	set	95
   374  0091                     _SSPCON2bits	set	145
   375  0087                     _TRISCbits	set	135
   376  0094                     _SSPSTAT	set	148
   377  0093                     _SSPADD	set	147
   378  0091                     _SSPCON2	set	145
   379  009F                     _ADCON1bits	set	159
   380  008C                     _PIE1bits	set	140
   381  0088                     _TRISD	set	136
   382  0086                     _TRISB	set	134
   383  0085                     _TRISA	set	133
   384  0094                     _SSPSTATbits	set	148
   385  0463                     _SSPIE	set	1123
   386  043C                     _TRISC4	set	1084
   387  043B                     _TRISC3	set	1083
   388  04A0                     _BF	set	1184
   389  0188                     _ANSELbits	set	392
   390  0189                     _ANSELH	set	393
   391  0188                     _ANSEL	set	392
   392                           
   393                           ; #config settings
   394  0000                     
   395                           	psect	cinit
   396  000F                     start_initialization:	
   397  000F                     __initialization:	
   398                           
   399                           ; Clear objects allocated to COMMON
   400  000F  01F8               	clrf	__pbssCOMMON& (0+127)
   401  0010  01F9               	clrf	(__pbssCOMMON+1)& (0+127)
   402  0011  01FA               	clrf	(__pbssCOMMON+2)& (0+127)
   403  0012  01FB               	clrf	(__pbssCOMMON+3)& (0+127)
   404  0013                     end_of_initialization:	
   405                           ;End of C runtime variable initialization code
   406                           
   407  0013                     __end_of__initialization:	
   408  0013  0183               	clrf	3
   409  0014  120A  118A  2921   	ljmp	_main	;jump to C main() function
   410                           
   411                           	psect	bssCOMMON
   412  0078                     __pbssCOMMON:	
   413  0078                     _pot:	
   414  0078                     	ds	1
   415  0079                     _readed:	
   416  0079                     	ds	1
   417  007A                     _dato:	
   418  007A                     	ds	1
   419  007B                     _z:	
   420  007B                     	ds	1
   421                           
   422                           	psect	cstackCOMMON
   423  0070                     __pcstackCOMMON:	
   424  0070                     ?_setup:	
   425  0070                     ?_ADConfig:	
   426                           ; 1 bytes @ 0x0
   427                           
   428  0070                     ?_channelS:	
   429                           ; 1 bytes @ 0x0
   430                           
   431  0070                     ?_I2C_Slave_Init:	
   432                           ; 1 bytes @ 0x0
   433                           
   434  0070                     ?_isr:	
   435                           ; 1 bytes @ 0x0
   436                           
   437  0070                     ??_isr:	
   438                           ; 1 bytes @ 0x0
   439                           
   440  0070                     ?_main:	
   441                           ; 1 bytes @ 0x0
   442                           
   443                           
   444                           ; 1 bytes @ 0x0
   445  0070                     	ds	3
   446  0073                     ??_ADConfig:	
   447  0073                     ??_channelS:	
   448                           ; 1 bytes @ 0x3
   449                           
   450  0073                     ??_I2C_Slave_Init:	
   451                           ; 1 bytes @ 0x3
   452                           
   453  0073                     I2C_Slave_Init@address:	
   454                           ; 1 bytes @ 0x3
   455                           
   456                           
   457                           ; 1 bytes @ 0x3
   458  0073                     	ds	1
   459  0074                     ??_setup:	
   460                           
   461                           ; 1 bytes @ 0x4
   462  0074                     	ds	1
   463  0075                     channelS@channel:	
   464                           
   465                           ; 1 bytes @ 0x5
   466  0075                     	ds	1
   467  0076                     ??_main:	
   468                           
   469                           ; 1 bytes @ 0x6
   470  0076                     	ds	2
   471                           
   472                           	psect	maintext
   473  0121                     __pmaintext:	
   474 ;;
   475 ;;Main: autosize = 0, tempsize = 2, incstack = 0, save=0
   476 ;;
   477 ;; *************** function _main *****************
   478 ;; Defined at:
   479 ;;		line 85 in file "main.c"
   480 ;; Parameters:    Size  Location     Type
   481 ;;		None
   482 ;; Auto vars:     Size  Location     Type
   483 ;;		None
   484 ;; Return value:  Size  Location     Type
   485 ;;                  1    wreg      void 
   486 ;; Registers used:
   487 ;;		wreg, fsr0l, fsr0h, status,2, status,0, pclath, cstack
   488 ;; Tracked objects:
   489 ;;		On entry : B00/0
   490 ;;		On exit  : 0/0
   491 ;;		Unchanged: 0/0
   492 ;; Data sizes:     COMMON   BANK0   BANK1   BANK3   BANK2
   493 ;;      Params:         0       0       0       0       0
   494 ;;      Locals:         0       0       0       0       0
   495 ;;      Temps:          2       0       0       0       0
   496 ;;      Totals:         2       0       0       0       0
   497 ;;Total ram usage:        2 bytes
   498 ;; Hardware stack levels required when called:    3
   499 ;; This function calls:
   500 ;;		_ADConfig
   501 ;;		_channelS
   502 ;;		_setup
   503 ;; This function is called by:
   504 ;;		Startup code after reset
   505 ;; This function uses a non-reentrant model
   506 ;;
   507                           
   508                           
   509                           ;psect for function _main
   510  0121                     _main:	
   511  0121                     l855:	
   512                           ;incstack = 0
   513                           ; Regs used in _main: [wreg-fsr0h+status,2+status,0+pclath+cstack]
   514                           
   515                           
   516                           ;main.c: 86:     setup();
   517  0121  120A  118A  2141  120A  118A  	fcall	_setup
   518  0126                     l857:	
   519                           
   520                           ;main.c: 87:     ADConfig();
   521  0126  120A  118A  2179  120A  118A  	fcall	_ADConfig
   522  012B                     l859:	
   523                           
   524                           ;main.c: 88:     channelS(0);
   525  012B  3000               	movlw	0
   526  012C  120A  118A  2017  120A  118A  	fcall	_channelS
   527  0131                     l861:	
   528                           
   529                           ;main.c: 91:         ADCON0bits.GO = 1;
   530  0131  1283               	bcf	3,5	;RP0=0, select bank0
   531  0132  1303               	bcf	3,6	;RP1=0, select bank0
   532  0133  149F               	bsf	31,1	;volatile
   533  0134                     l863:	
   534                           
   535                           ;main.c: 92:         _delay((unsigned long)((10)*(8000000/4000.0)));
   536  0134  301A               	movlw	26
   537  0135  00F7               	movwf	??_main+1
   538  0136  30F8               	movlw	248
   539  0137  00F6               	movwf	??_main
   540  0138                     u157:	
   541  0138  0BF6               	decfsz	??_main,f
   542  0139  2938               	goto	u157
   543  013A  0BF7               	decfsz	??_main+1,f
   544  013B  2938               	goto	u157
   545  013C  0000               	nop
   546  013D  2931               	goto	l861
   547  013E  120A  118A  280C   	ljmp	start
   548  0141                     __end_of_main:	
   549                           
   550                           	psect	text1
   551  0141                     __ptext1:	
   552 ;; *************** function _setup *****************
   553 ;; Defined at:
   554 ;;		line 98 in file "main.c"
   555 ;; Parameters:    Size  Location     Type
   556 ;;		None
   557 ;; Auto vars:     Size  Location     Type
   558 ;;		None
   559 ;; Return value:  Size  Location     Type
   560 ;;                  1    wreg      void 
   561 ;; Registers used:
   562 ;;		wreg, status,2, status,0, pclath, cstack
   563 ;; Tracked objects:
   564 ;;		On entry : 0/0
   565 ;;		On exit  : 0/0
   566 ;;		Unchanged: 0/0
   567 ;; Data sizes:     COMMON   BANK0   BANK1   BANK3   BANK2
   568 ;;      Params:         0       0       0       0       0
   569 ;;      Locals:         0       0       0       0       0
   570 ;;      Temps:          0       0       0       0       0
   571 ;;      Totals:         0       0       0       0       0
   572 ;;Total ram usage:        0 bytes
   573 ;; Hardware stack levels used:    1
   574 ;; Hardware stack levels required when called:    2
   575 ;; This function calls:
   576 ;;		_I2C_Slave_Init
   577 ;; This function is called by:
   578 ;;		_main
   579 ;; This function uses a non-reentrant model
   580 ;;
   581                           
   582                           
   583                           ;psect for function _setup
   584  0141                     _setup:	
   585  0141                     l773:	
   586                           ;incstack = 0
   587                           ; Regs used in _setup: [wreg+status,2+status,0+pclath+cstack]
   588                           
   589                           
   590                           ;main.c: 99:     ANSEL = 0;
   591  0141  1683               	bsf	3,5	;RP0=1, select bank3
   592  0142  1703               	bsf	3,6	;RP1=1, select bank3
   593  0143  0188               	clrf	8	;volatile
   594                           
   595                           ;main.c: 100:     ANSELH = 0;
   596  0144  0189               	clrf	9	;volatile
   597  0145                     l775:	
   598                           
   599                           ;main.c: 101:     ANSELbits.ANS0 = 1;
   600  0145  1408               	bsf	8,0	;volatile
   601  0146                     l777:	
   602                           
   603                           ;main.c: 103:     TRISA = 0x03;
   604  0146  3003               	movlw	3
   605  0147  1683               	bsf	3,5	;RP0=1, select bank1
   606  0148  1303               	bcf	3,6	;RP1=0, select bank1
   607  0149  0085               	movwf	5	;volatile
   608  014A                     l779:	
   609                           
   610                           ;main.c: 104:     TRISB = 0;
   611  014A  0186               	clrf	6	;volatile
   612  014B                     l781:	
   613                           
   614                           ;main.c: 105:     TRISD = 0;
   615  014B  0188               	clrf	8	;volatile
   616  014C                     l783:	
   617                           
   618                           ;main.c: 107:     PORTB = 0;
   619  014C  1283               	bcf	3,5	;RP0=0, select bank0
   620  014D  1303               	bcf	3,6	;RP1=0, select bank0
   621  014E  0186               	clrf	6	;volatile
   622  014F                     l785:	
   623                           
   624                           ;main.c: 108:     PORTD = 0;
   625  014F  0188               	clrf	8	;volatile
   626  0150                     l787:	
   627                           
   628                           ;main.c: 110:     INTCONbits.GIE = 1;
   629  0150  178B               	bsf	11,7	;volatile
   630  0151                     l789:	
   631                           
   632                           ;main.c: 111:     INTCONbits.PEIE = 1;
   633  0151  170B               	bsf	11,6	;volatile
   634  0152                     l791:	
   635                           
   636                           ;main.c: 112:     PIE1bits.ADIE = 1;
   637  0152  1683               	bsf	3,5	;RP0=1, select bank1
   638  0153  1303               	bcf	3,6	;RP1=0, select bank1
   639  0154  170C               	bsf	12,6	;volatile
   640  0155                     l793:	
   641                           
   642                           ;main.c: 113:     PIR1bits.ADIF = 0;
   643  0155  1283               	bcf	3,5	;RP0=0, select bank0
   644  0156  1303               	bcf	3,6	;RP1=0, select bank0
   645  0157  130C               	bcf	12,6	;volatile
   646  0158                     l795:	
   647                           
   648                           ;main.c: 114:     I2C_Slave_Init(0x50);
   649  0158  3050               	movlw	80
   650  0159  120A  118A  215F  120A  118A  	fcall	_I2C_Slave_Init
   651  015E                     l82:	
   652  015E  0008               	return
   653  015F                     __end_of_setup:	
   654                           
   655                           	psect	text2
   656  015F                     __ptext2:	
   657 ;; *************** function _I2C_Slave_Init *****************
   658 ;; Defined at:
   659 ;;		line 94 in file "I2C.c"
   660 ;; Parameters:    Size  Location     Type
   661 ;;  address         1    wreg     unsigned char 
   662 ;; Auto vars:     Size  Location     Type
   663 ;;  address         1    3[COMMON] unsigned char 
   664 ;; Return value:  Size  Location     Type
   665 ;;                  1    wreg      void 
   666 ;; Registers used:
   667 ;;		wreg
   668 ;; Tracked objects:
   669 ;;		On entry : 0/0
   670 ;;		On exit  : 0/0
   671 ;;		Unchanged: 0/0
   672 ;; Data sizes:     COMMON   BANK0   BANK1   BANK3   BANK2
   673 ;;      Params:         0       0       0       0       0
   674 ;;      Locals:         1       0       0       0       0
   675 ;;      Temps:          0       0       0       0       0
   676 ;;      Totals:         1       0       0       0       0
   677 ;;Total ram usage:        1 bytes
   678 ;; Hardware stack levels used:    1
   679 ;; Hardware stack levels required when called:    1
   680 ;; This function calls:
   681 ;;		Nothing
   682 ;; This function is called by:
   683 ;;		_setup
   684 ;; This function uses a non-reentrant model
   685 ;;
   686                           
   687                           
   688                           ;psect for function _I2C_Slave_Init
   689  015F                     _I2C_Slave_Init:	
   690                           
   691                           ;incstack = 0
   692                           ; Regs used in _I2C_Slave_Init: [wreg]
   693                           ;I2C_Slave_Init@address stored from wreg
   694  015F  00F3               	movwf	I2C_Slave_Init@address
   695  0160                     l759:	
   696                           
   697                           ;I2C.c: 94: void I2C_Slave_Init(uint8_t address);I2C.c: 95: {;I2C.c: 96:     SSPADD = ad
      +                          dress;
   698  0160  0873               	movf	I2C_Slave_Init@address,w
   699  0161  1683               	bsf	3,5	;RP0=1, select bank1
   700  0162  1303               	bcf	3,6	;RP1=0, select bank1
   701  0163  0093               	movwf	19	;volatile
   702                           
   703                           ;I2C.c: 97:     SSPCON = 0x36;
   704  0164  3036               	movlw	54
   705  0165  1283               	bcf	3,5	;RP0=0, select bank0
   706  0166  1303               	bcf	3,6	;RP1=0, select bank0
   707  0167  0094               	movwf	20	;volatile
   708                           
   709                           ;I2C.c: 98:     SSPSTAT = 0x80;
   710  0168  3080               	movlw	128
   711  0169  1683               	bsf	3,5	;RP0=1, select bank1
   712  016A  1303               	bcf	3,6	;RP1=0, select bank1
   713  016B  0094               	movwf	20	;volatile
   714                           
   715                           ;I2C.c: 99:     SSPCON2 = 0x01;
   716  016C  3001               	movlw	1
   717  016D  0091               	movwf	17	;volatile
   718  016E                     l761:	
   719                           
   720                           ;I2C.c: 100:     TRISC3 = 1;
   721  016E  1587               	bsf	7,3	;volatile
   722  016F                     l763:	
   723                           
   724                           ;I2C.c: 101:     TRISC4 = 1;
   725  016F  1607               	bsf	7,4	;volatile
   726  0170                     l765:	
   727                           
   728                           ;I2C.c: 102:     GIE = 1;
   729  0170  178B               	bsf	11,7	;volatile
   730  0171                     l767:	
   731                           
   732                           ;I2C.c: 103:     PEIE = 1;
   733  0171  170B               	bsf	11,6	;volatile
   734  0172                     l769:	
   735                           
   736                           ;I2C.c: 104:     SSPIF = 0;
   737  0172  1283               	bcf	3,5	;RP0=0, select bank0
   738  0173  1303               	bcf	3,6	;RP1=0, select bank0
   739  0174  118C               	bcf	12,3	;volatile
   740  0175                     l771:	
   741                           
   742                           ;I2C.c: 105:     SSPIE = 1;
   743  0175  1683               	bsf	3,5	;RP0=1, select bank1
   744  0176  1303               	bcf	3,6	;RP1=0, select bank1
   745  0177  158C               	bsf	12,3	;volatile
   746  0178                     l167:	
   747  0178  0008               	return
   748  0179                     __end_of_I2C_Slave_Init:	
   749                           
   750                           	psect	text3
   751  0017                     __ptext3:	
   752 ;; *************** function _channelS *****************
   753 ;; Defined at:
   754 ;;		line 25 in file "ADC.c"
   755 ;; Parameters:    Size  Location     Type
   756 ;;  channel         1    wreg     unsigned char 
   757 ;; Auto vars:     Size  Location     Type
   758 ;;  channel         1    5[COMMON] unsigned char 
   759 ;; Return value:  Size  Location     Type
   760 ;;                  1    wreg      void 
   761 ;; Registers used:
   762 ;;		wreg, fsr0l, fsr0h, status,2, status,0
   763 ;; Tracked objects:
   764 ;;		On entry : 0/0
   765 ;;		On exit  : 0/0
   766 ;;		Unchanged: 0/0
   767 ;; Data sizes:     COMMON   BANK0   BANK1   BANK3   BANK2
   768 ;;      Params:         0       0       0       0       0
   769 ;;      Locals:         1       0       0       0       0
   770 ;;      Temps:          2       0       0       0       0
   771 ;;      Totals:         3       0       0       0       0
   772 ;;Total ram usage:        3 bytes
   773 ;; Hardware stack levels used:    1
   774 ;; Hardware stack levels required when called:    1
   775 ;; This function calls:
   776 ;;		Nothing
   777 ;; This function is called by:
   778 ;;		_main
   779 ;; This function uses a non-reentrant model
   780 ;;
   781                           
   782                           
   783                           ;psect for function _channelS
   784  0017                     _channelS:	
   785                           
   786                           ;incstack = 0
   787                           ; Regs used in _channelS: [wreg-fsr0h+status,2+status,0]
   788                           ;channelS@channel stored from wreg
   789  0017  00F5               	movwf	channelS@channel
   790  0018                     l799:	
   791                           
   792                           ;ADC.c: 26:     switch (channel){
   793  0018  287B               	goto	l803
   794  0019                     l97:	
   795                           ;ADC.c: 27:         case 0:
   796                           
   797                           
   798                           ;ADC.c: 28:             ADCON0bits.CHS3 = 0;
   799  0019  1283               	bcf	3,5	;RP0=0, select bank0
   800  001A  1303               	bcf	3,6	;RP1=0, select bank0
   801  001B  129F               	bcf	31,5	;volatile
   802                           
   803                           ;ADC.c: 29:             ADCON0bits.CHS2 = 0;
   804  001C  121F               	bcf	31,4	;volatile
   805                           
   806                           ;ADC.c: 30:             ADCON0bits.CHS1 = 0;
   807  001D  119F               	bcf	31,3	;volatile
   808                           
   809                           ;ADC.c: 31:             ADCON0bits.CHS0 = 0;
   810  001E  111F               	bcf	31,2	;volatile
   811                           
   812                           ;ADC.c: 32:             break;
   813  001F  28AF               	goto	l112
   814  0020                     l99:	
   815                           ;ADC.c: 33:         case 1:
   816                           
   817                           
   818                           ;ADC.c: 34:             ADCON0bits.CHS3 = 0;
   819  0020  1283               	bcf	3,5	;RP0=0, select bank0
   820  0021  1303               	bcf	3,6	;RP1=0, select bank0
   821  0022  129F               	bcf	31,5	;volatile
   822                           
   823                           ;ADC.c: 35:             ADCON0bits.CHS2 = 0;
   824  0023  121F               	bcf	31,4	;volatile
   825                           
   826                           ;ADC.c: 36:             ADCON0bits.CHS1 = 0;
   827  0024  119F               	bcf	31,3	;volatile
   828                           
   829                           ;ADC.c: 37:             ADCON0bits.CHS0 = 1;
   830  0025  151F               	bsf	31,2	;volatile
   831                           
   832                           ;ADC.c: 38:             break;
   833  0026  28AF               	goto	l112
   834  0027                     l100:	
   835                           ;ADC.c: 39:         case 2:
   836                           
   837                           
   838                           ;ADC.c: 40:             ADCON0bits.CHS3 = 0;
   839  0027  1283               	bcf	3,5	;RP0=0, select bank0
   840  0028  1303               	bcf	3,6	;RP1=0, select bank0
   841  0029  129F               	bcf	31,5	;volatile
   842                           
   843                           ;ADC.c: 41:             ADCON0bits.CHS2 = 0;
   844  002A  121F               	bcf	31,4	;volatile
   845                           
   846                           ;ADC.c: 42:             ADCON0bits.CHS1 = 1;
   847  002B  159F               	bsf	31,3	;volatile
   848                           
   849                           ;ADC.c: 43:             ADCON0bits.CHS0 = 0;
   850  002C  111F               	bcf	31,2	;volatile
   851                           
   852                           ;ADC.c: 44:             break;
   853  002D  28AF               	goto	l112
   854  002E                     l101:	
   855                           ;ADC.c: 45:         case 3:
   856                           
   857                           
   858                           ;ADC.c: 46:             ADCON0bits.CHS3 = 0;
   859  002E  1283               	bcf	3,5	;RP0=0, select bank0
   860  002F  1303               	bcf	3,6	;RP1=0, select bank0
   861  0030  129F               	bcf	31,5	;volatile
   862                           
   863                           ;ADC.c: 47:             ADCON0bits.CHS2 = 0;
   864  0031  121F               	bcf	31,4	;volatile
   865                           
   866                           ;ADC.c: 48:             ADCON0bits.CHS1 = 1;
   867  0032  159F               	bsf	31,3	;volatile
   868                           
   869                           ;ADC.c: 49:             ADCON0bits.CHS0 = 1;
   870  0033  151F               	bsf	31,2	;volatile
   871                           
   872                           ;ADC.c: 50:             break;
   873  0034  28AF               	goto	l112
   874  0035                     l102:	
   875                           ;ADC.c: 51:         case 4:
   876                           
   877                           
   878                           ;ADC.c: 52:             ADCON0bits.CHS3 = 0;
   879  0035  1283               	bcf	3,5	;RP0=0, select bank0
   880  0036  1303               	bcf	3,6	;RP1=0, select bank0
   881  0037  129F               	bcf	31,5	;volatile
   882                           
   883                           ;ADC.c: 53:             ADCON0bits.CHS2 = 1;
   884  0038  161F               	bsf	31,4	;volatile
   885                           
   886                           ;ADC.c: 54:             ADCON0bits.CHS1 = 0;
   887  0039  119F               	bcf	31,3	;volatile
   888                           
   889                           ;ADC.c: 55:             ADCON0bits.CHS0 = 0;
   890  003A  111F               	bcf	31,2	;volatile
   891                           
   892                           ;ADC.c: 56:             break;
   893  003B  28AF               	goto	l112
   894  003C                     l103:	
   895                           ;ADC.c: 57:         case 5:
   896                           
   897                           
   898                           ;ADC.c: 58:             ADCON0bits.CHS3 = 0;
   899  003C  1283               	bcf	3,5	;RP0=0, select bank0
   900  003D  1303               	bcf	3,6	;RP1=0, select bank0
   901  003E  129F               	bcf	31,5	;volatile
   902                           
   903                           ;ADC.c: 59:             ADCON0bits.CHS2 = 1;
   904  003F  161F               	bsf	31,4	;volatile
   905                           
   906                           ;ADC.c: 60:             ADCON0bits.CHS1 = 0;
   907  0040  119F               	bcf	31,3	;volatile
   908                           
   909                           ;ADC.c: 61:             ADCON0bits.CHS0 = 1;
   910  0041  151F               	bsf	31,2	;volatile
   911                           
   912                           ;ADC.c: 62:             break;
   913  0042  28AF               	goto	l112
   914  0043                     l104:	
   915                           ;ADC.c: 63:         case 6:
   916                           
   917                           
   918                           ;ADC.c: 64:             ADCON0bits.CHS3 = 0;
   919  0043  1283               	bcf	3,5	;RP0=0, select bank0
   920  0044  1303               	bcf	3,6	;RP1=0, select bank0
   921  0045  129F               	bcf	31,5	;volatile
   922                           
   923                           ;ADC.c: 65:             ADCON0bits.CHS2 = 1;
   924  0046  161F               	bsf	31,4	;volatile
   925                           
   926                           ;ADC.c: 66:             ADCON0bits.CHS1 = 1;
   927  0047  159F               	bsf	31,3	;volatile
   928                           
   929                           ;ADC.c: 67:             ADCON0bits.CHS0 = 0;
   930  0048  111F               	bcf	31,2	;volatile
   931                           
   932                           ;ADC.c: 68:             break;
   933  0049  28AF               	goto	l112
   934  004A                     l105:	
   935                           ;ADC.c: 69:         case 7:
   936                           
   937                           
   938                           ;ADC.c: 70:             ADCON0bits.CHS3 = 0;
   939  004A  1283               	bcf	3,5	;RP0=0, select bank0
   940  004B  1303               	bcf	3,6	;RP1=0, select bank0
   941  004C  129F               	bcf	31,5	;volatile
   942                           
   943                           ;ADC.c: 71:             ADCON0bits.CHS2 = 1;
   944  004D  161F               	bsf	31,4	;volatile
   945                           
   946                           ;ADC.c: 72:             ADCON0bits.CHS1 = 1;
   947  004E  159F               	bsf	31,3	;volatile
   948                           
   949                           ;ADC.c: 73:             ADCON0bits.CHS0 = 1;
   950  004F  151F               	bsf	31,2	;volatile
   951                           
   952                           ;ADC.c: 74:             break;
   953  0050  28AF               	goto	l112
   954  0051                     l106:	
   955                           ;ADC.c: 75:         case 8:
   956                           
   957                           
   958                           ;ADC.c: 76:             ADCON0bits.CHS3 = 1;
   959  0051  1283               	bcf	3,5	;RP0=0, select bank0
   960  0052  1303               	bcf	3,6	;RP1=0, select bank0
   961  0053  169F               	bsf	31,5	;volatile
   962                           
   963                           ;ADC.c: 77:             ADCON0bits.CHS2 = 0;
   964  0054  121F               	bcf	31,4	;volatile
   965                           
   966                           ;ADC.c: 78:             ADCON0bits.CHS1 = 0;
   967  0055  119F               	bcf	31,3	;volatile
   968                           
   969                           ;ADC.c: 79:             ADCON0bits.CHS0 = 0;
   970  0056  111F               	bcf	31,2	;volatile
   971                           
   972                           ;ADC.c: 80:             break;
   973  0057  28AF               	goto	l112
   974  0058                     l107:	
   975                           ;ADC.c: 81:         case 9:
   976                           
   977                           
   978                           ;ADC.c: 82:             ADCON0bits.CHS3 = 1;
   979  0058  1283               	bcf	3,5	;RP0=0, select bank0
   980  0059  1303               	bcf	3,6	;RP1=0, select bank0
   981  005A  169F               	bsf	31,5	;volatile
   982                           
   983                           ;ADC.c: 83:             ADCON0bits.CHS2 = 0;
   984  005B  121F               	bcf	31,4	;volatile
   985                           
   986                           ;ADC.c: 84:             ADCON0bits.CHS1 = 0;
   987  005C  119F               	bcf	31,3	;volatile
   988                           
   989                           ;ADC.c: 85:             ADCON0bits.CHS0 = 1;
   990  005D  151F               	bsf	31,2	;volatile
   991                           
   992                           ;ADC.c: 86:             break;
   993  005E  28AF               	goto	l112
   994  005F                     l108:	
   995                           ;ADC.c: 87:         case 10:
   996                           
   997                           
   998                           ;ADC.c: 88:             ADCON0bits.CHS3 = 1;
   999  005F  1283               	bcf	3,5	;RP0=0, select bank0
  1000  0060  1303               	bcf	3,6	;RP1=0, select bank0
  1001  0061  169F               	bsf	31,5	;volatile
  1002                           
  1003                           ;ADC.c: 89:             ADCON0bits.CHS2 = 0;
  1004  0062  121F               	bcf	31,4	;volatile
  1005                           
  1006                           ;ADC.c: 90:             ADCON0bits.CHS1 = 1;
  1007  0063  159F               	bsf	31,3	;volatile
  1008                           
  1009                           ;ADC.c: 91:             ADCON0bits.CHS0 = 0;
  1010  0064  111F               	bcf	31,2	;volatile
  1011                           
  1012                           ;ADC.c: 92:             break;
  1013  0065  28AF               	goto	l112
  1014  0066                     l109:	
  1015                           ;ADC.c: 93:         case 11:
  1016                           
  1017                           
  1018                           ;ADC.c: 94:             ADCON0bits.CHS3 = 1;
  1019  0066  1283               	bcf	3,5	;RP0=0, select bank0
  1020  0067  1303               	bcf	3,6	;RP1=0, select bank0
  1021  0068  169F               	bsf	31,5	;volatile
  1022                           
  1023                           ;ADC.c: 95:             ADCON0bits.CHS2 = 0;
  1024  0069  121F               	bcf	31,4	;volatile
  1025                           
  1026                           ;ADC.c: 96:             ADCON0bits.CHS1 = 1;
  1027  006A  159F               	bsf	31,3	;volatile
  1028                           
  1029                           ;ADC.c: 97:             ADCON0bits.CHS0 = 1;
  1030  006B  151F               	bsf	31,2	;volatile
  1031                           
  1032                           ;ADC.c: 98:             break;
  1033  006C  28AF               	goto	l112
  1034  006D                     l110:	
  1035                           ;ADC.c: 99:         case 12:
  1036                           
  1037                           
  1038                           ;ADC.c: 100:             ADCON0bits.CHS3 = 1;
  1039  006D  1283               	bcf	3,5	;RP0=0, select bank0
  1040  006E  1303               	bcf	3,6	;RP1=0, select bank0
  1041  006F  169F               	bsf	31,5	;volatile
  1042                           
  1043                           ;ADC.c: 101:             ADCON0bits.CHS2 = 1;
  1044  0070  161F               	bsf	31,4	;volatile
  1045                           
  1046                           ;ADC.c: 102:             ADCON0bits.CHS1 = 0;
  1047  0071  119F               	bcf	31,3	;volatile
  1048                           
  1049                           ;ADC.c: 103:             ADCON0bits.CHS0 = 0;
  1050  0072  111F               	bcf	31,2	;volatile
  1051                           
  1052                           ;ADC.c: 104:             break;
  1053  0073  28AF               	goto	l112
  1054  0074                     l111:	
  1055                           ;ADC.c: 105:         case 13:
  1056                           
  1057                           
  1058                           ;ADC.c: 106:             ADCON0bits.CHS3 = 1;
  1059  0074  1283               	bcf	3,5	;RP0=0, select bank0
  1060  0075  1303               	bcf	3,6	;RP1=0, select bank0
  1061  0076  169F               	bsf	31,5	;volatile
  1062                           
  1063                           ;ADC.c: 107:             ADCON0bits.CHS2 = 1;
  1064  0077  161F               	bsf	31,4	;volatile
  1065                           
  1066                           ;ADC.c: 108:             ADCON0bits.CHS1 = 0;
  1067  0078  119F               	bcf	31,3	;volatile
  1068                           
  1069                           ;ADC.c: 109:             ADCON0bits.CHS0 = 1;
  1070  0079  151F               	bsf	31,2	;volatile
  1071                           
  1072                           ;ADC.c: 110:             break;
  1073  007A  28AF               	goto	l112
  1074  007B                     l803:	
  1075  007B  0875               	movf	channelS@channel,w
  1076  007C  00F3               	movwf	??_channelS
  1077  007D  01F4               	clrf	??_channelS+1
  1078                           
  1079                           ; Switch on 2 bytes has been partitioned into a top level switch of size 1, and 1 sub-sw
      +                          itches
  1080                           ; Switch size 1, requested type "simple"
  1081                           ; Number of cases is 1, Range of values is 0 to 0
  1082                           ; switch strategies available:
  1083                           ; Name         Instructions Cycles
  1084                           ; simple_byte            4     3 (average)
  1085                           ; direct_byte           11     8 (fixed)
  1086                           ; jumptable            260     6 (fixed)
  1087                           ;	Chosen strategy is simple_byte
  1088  007E  0874               	movf	??_channelS+1,w
  1089  007F  3A00               	xorlw	0	; case 0
  1090  0080  1903               	skipnz
  1091  0081  2883               	goto	l925
  1092  0082  28AF               	goto	l112
  1093  0083                     l925:	
  1094                           
  1095                           ; Switch size 1, requested type "simple"
  1096                           ; Number of cases is 14, Range of values is 0 to 13
  1097                           ; switch strategies available:
  1098                           ; Name         Instructions Cycles
  1099                           ; simple_byte           43    22 (average)
  1100                           ; direct_byte           50     8 (fixed)
  1101                           ; jumptable            260     6 (fixed)
  1102                           ;	Chosen strategy is simple_byte
  1103  0083  0873               	movf	??_channelS,w
  1104  0084  3A00               	xorlw	0	; case 0
  1105  0085  1903               	skipnz
  1106  0086  2819               	goto	l97
  1107  0087  3A01               	xorlw	1	; case 1
  1108  0088  1903               	skipnz
  1109  0089  2820               	goto	l99
  1110  008A  3A03               	xorlw	3	; case 2
  1111  008B  1903               	skipnz
  1112  008C  2827               	goto	l100
  1113  008D  3A01               	xorlw	1	; case 3
  1114  008E  1903               	skipnz
  1115  008F  282E               	goto	l101
  1116  0090  3A07               	xorlw	7	; case 4
  1117  0091  1903               	skipnz
  1118  0092  2835               	goto	l102
  1119  0093  3A01               	xorlw	1	; case 5
  1120  0094  1903               	skipnz
  1121  0095  283C               	goto	l103
  1122  0096  3A03               	xorlw	3	; case 6
  1123  0097  1903               	skipnz
  1124  0098  2843               	goto	l104
  1125  0099  3A01               	xorlw	1	; case 7
  1126  009A  1903               	skipnz
  1127  009B  284A               	goto	l105
  1128  009C  3A0F               	xorlw	15	; case 8
  1129  009D  1903               	skipnz
  1130  009E  2851               	goto	l106
  1131  009F  3A01               	xorlw	1	; case 9
  1132  00A0  1903               	skipnz
  1133  00A1  2858               	goto	l107
  1134  00A2  3A03               	xorlw	3	; case 10
  1135  00A3  1903               	skipnz
  1136  00A4  285F               	goto	l108
  1137  00A5  3A01               	xorlw	1	; case 11
  1138  00A6  1903               	skipnz
  1139  00A7  2866               	goto	l109
  1140  00A8  3A07               	xorlw	7	; case 12
  1141  00A9  1903               	skipnz
  1142  00AA  286D               	goto	l110
  1143  00AB  3A01               	xorlw	1	; case 13
  1144  00AC  1903               	skipnz
  1145  00AD  2874               	goto	l111
  1146  00AE  28AF               	goto	l112
  1147  00AF                     l112:	
  1148  00AF  0008               	return
  1149  00B0                     __end_of_channelS:	
  1150                           
  1151                           	psect	text4
  1152  0179                     __ptext4:	
  1153 ;; *************** function _ADConfig *****************
  1154 ;; Defined at:
  1155 ;;		line 14 in file "ADC.c"
  1156 ;; Parameters:    Size  Location     Type
  1157 ;;		None
  1158 ;; Auto vars:     Size  Location     Type
  1159 ;;		None
  1160 ;; Return value:  Size  Location     Type
  1161 ;;                  1    wreg      void 
  1162 ;; Registers used:
  1163 ;;		None
  1164 ;; Tracked objects:
  1165 ;;		On entry : 0/0
  1166 ;;		On exit  : 0/0
  1167 ;;		Unchanged: 0/0
  1168 ;; Data sizes:     COMMON   BANK0   BANK1   BANK3   BANK2
  1169 ;;      Params:         0       0       0       0       0
  1170 ;;      Locals:         0       0       0       0       0
  1171 ;;      Temps:          0       0       0       0       0
  1172 ;;      Totals:         0       0       0       0       0
  1173 ;;Total ram usage:        0 bytes
  1174 ;; Hardware stack levels used:    1
  1175 ;; Hardware stack levels required when called:    1
  1176 ;; This function calls:
  1177 ;;		Nothing
  1178 ;; This function is called by:
  1179 ;;		_main
  1180 ;; This function uses a non-reentrant model
  1181 ;;
  1182                           
  1183                           
  1184                           ;psect for function _ADConfig
  1185  0179                     _ADConfig:	
  1186  0179                     l797:	
  1187                           ;incstack = 0
  1188                           ; Regs used in _ADConfig: []
  1189                           
  1190                           
  1191                           ;ADC.c: 15:     ADCON0bits.ADON = 1;
  1192  0179  1283               	bcf	3,5	;RP0=0, select bank0
  1193  017A  1303               	bcf	3,6	;RP1=0, select bank0
  1194  017B  141F               	bsf	31,0	;volatile
  1195                           
  1196                           ;ADC.c: 16:     ADCON1bits.ADFM = 0;
  1197  017C  1683               	bsf	3,5	;RP0=1, select bank1
  1198  017D  1303               	bcf	3,6	;RP1=0, select bank1
  1199  017E  139F               	bcf	31,7	;volatile
  1200                           
  1201                           ;ADC.c: 17:     ADCON1bits.VCFG1 = 0;
  1202  017F  129F               	bcf	31,5	;volatile
  1203                           
  1204                           ;ADC.c: 18:     ADCON1bits.VCFG0 = 0;
  1205  0180  121F               	bcf	31,4	;volatile
  1206                           
  1207                           ;ADC.c: 19:     PIE1bits.ADIE = 1;
  1208  0181  170C               	bsf	12,6	;volatile
  1209                           
  1210                           ;ADC.c: 20:     PIR1bits.ADIF = 0;
  1211  0182  1283               	bcf	3,5	;RP0=0, select bank0
  1212  0183  1303               	bcf	3,6	;RP1=0, select bank0
  1213  0184  130C               	bcf	12,6	;volatile
  1214                           
  1215                           ;ADC.c: 21:     ADCON0bits.ADCS1 = 0;
  1216  0185  139F               	bcf	31,7	;volatile
  1217                           
  1218                           ;ADC.c: 22:     ADCON0bits.ADCS0 = 1;
  1219  0186  171F               	bsf	31,6	;volatile
  1220  0187                     l93:	
  1221  0187  0008               	return
  1222  0188                     __end_of_ADConfig:	
  1223                           
  1224                           	psect	text5
  1225  00B0                     __ptext5:	
  1226 ;; *************** function _isr *****************
  1227 ;; Defined at:
  1228 ;;		line 42 in file "main.c"
  1229 ;; Parameters:    Size  Location     Type
  1230 ;;		None
  1231 ;; Auto vars:     Size  Location     Type
  1232 ;;		None
  1233 ;; Return value:  Size  Location     Type
  1234 ;;                  1    wreg      void 
  1235 ;; Registers used:
  1236 ;;		wreg, status,2
  1237 ;; Tracked objects:
  1238 ;;		On entry : 0/0
  1239 ;;		On exit  : 0/0
  1240 ;;		Unchanged: 0/0
  1241 ;; Data sizes:     COMMON   BANK0   BANK1   BANK3   BANK2
  1242 ;;      Params:         0       0       0       0       0
  1243 ;;      Locals:         0       0       0       0       0
  1244 ;;      Temps:          3       0       0       0       0
  1245 ;;      Totals:         3       0       0       0       0
  1246 ;;Total ram usage:        3 bytes
  1247 ;; Hardware stack levels used:    1
  1248 ;; This function calls:
  1249 ;;		Nothing
  1250 ;; This function is called by:
  1251 ;;		Interrupt level 1
  1252 ;; This function uses a non-reentrant model
  1253 ;;
  1254                           
  1255                           
  1256                           ;psect for function _isr
  1257  00B0                     _isr:	
  1258  00B0                     i1l813:	
  1259                           
  1260                           ;main.c: 43:    (INTCONbits.GIE = 0);
  1261  00B0  138B               	bcf	11,7	;volatile
  1262                           
  1263                           ;main.c: 44:    if(PIR1bits.SSPIF == 1){
  1264  00B1  1283               	bcf	3,5	;RP0=0, select bank0
  1265  00B2  1303               	bcf	3,6	;RP1=0, select bank0
  1266  00B3  1D8C               	btfss	12,3	;volatile
  1267  00B4  28B6               	goto	u3_21
  1268  00B5  28B7               	goto	u3_20
  1269  00B6                     u3_21:	
  1270  00B6  290F               	goto	i1l57
  1271  00B7                     u3_20:	
  1272  00B7                     i1l815:	
  1273                           
  1274                           ;main.c: 46:         SSPCONbits.CKP = 0;
  1275  00B7  1214               	bcf	20,4	;volatile
  1276                           
  1277                           ;main.c: 48:         if ((SSPCONbits.SSPOV) || (SSPCONbits.WCOL)){
  1278  00B8  1B14               	btfsc	20,6	;volatile
  1279  00B9  28BB               	goto	u4_21
  1280  00BA  28BC               	goto	u4_20
  1281  00BB                     u4_21:	
  1282  00BB  28C0               	goto	i1l819
  1283  00BC                     u4_20:	
  1284  00BC                     i1l817:	
  1285  00BC  1F94               	btfss	20,7	;volatile
  1286  00BD  28BF               	goto	u5_21
  1287  00BE  28C0               	goto	u5_20
  1288  00BF                     u5_21:	
  1289  00BF  28C7               	goto	i1l827
  1290  00C0                     u5_20:	
  1291  00C0                     i1l819:	
  1292                           
  1293                           ;main.c: 49:             z = SSPBUF;
  1294  00C0  0813               	movf	19,w	;volatile
  1295  00C1  00F0               	movwf	??_isr
  1296  00C2  0870               	movf	??_isr,w
  1297  00C3  00FB               	movwf	_z
  1298  00C4                     i1l821:	
  1299                           
  1300                           ;main.c: 50:             SSPCONbits.SSPOV = 0;
  1301  00C4  1314               	bcf	20,6	;volatile
  1302  00C5                     i1l823:	
  1303                           
  1304                           ;main.c: 51:             SSPCONbits.WCOL = 0;
  1305  00C5  1394               	bcf	20,7	;volatile
  1306  00C6                     i1l825:	
  1307                           
  1308                           ;main.c: 52:             SSPCONbits.CKP = 1;
  1309  00C6  1614               	bsf	20,4	;volatile
  1310  00C7                     i1l827:	
  1311                           
  1312                           ;main.c: 55:         if(!SSPSTATbits.D_nA && !SSPSTATbits.R_nW) {
  1313  00C7  1683               	bsf	3,5	;RP0=1, select bank1
  1314  00C8  1303               	bcf	3,6	;RP1=0, select bank1
  1315  00C9  1A94               	btfsc	20,5	;volatile
  1316  00CA  28CC               	goto	u6_21
  1317  00CB  28CD               	goto	u6_20
  1318  00CC                     u6_21:	
  1319  00CC  28EB               	goto	i1l61
  1320  00CD                     u6_20:	
  1321  00CD                     i1l829:	
  1322  00CD  1914               	btfsc	20,2	;volatile
  1323  00CE  28D0               	goto	u7_21
  1324  00CF  28D1               	goto	u7_20
  1325  00D0                     u7_21:	
  1326  00D0  28EB               	goto	i1l61
  1327  00D1                     u7_20:	
  1328  00D1                     i1l831:	
  1329                           
  1330                           ;main.c: 57:             z = SSPBUF;
  1331  00D1  1283               	bcf	3,5	;RP0=0, select bank0
  1332  00D2  1303               	bcf	3,6	;RP1=0, select bank0
  1333  00D3  0813               	movf	19,w	;volatile
  1334  00D4  00F0               	movwf	??_isr
  1335  00D5  0870               	movf	??_isr,w
  1336  00D6  00FB               	movwf	_z
  1337  00D7                     i1l833:	
  1338                           
  1339                           ;main.c: 59:             PIR1bits.SSPIF = 0;
  1340  00D7  118C               	bcf	12,3	;volatile
  1341  00D8                     i1l835:	
  1342                           
  1343                           ;main.c: 60:             SSPCONbits.CKP = 1;
  1344  00D8  1614               	bsf	20,4	;volatile
  1345  00D9                     i1l62:	
  1346                           ;main.c: 61:             while(!SSPSTATbits.BF);
  1347                           
  1348  00D9  1683               	bsf	3,5	;RP0=1, select bank1
  1349  00DA  1303               	bcf	3,6	;RP1=0, select bank1
  1350  00DB  1C14               	btfss	20,0	;volatile
  1351  00DC  28DE               	goto	u8_21
  1352  00DD  28DF               	goto	u8_20
  1353  00DE                     u8_21:	
  1354  00DE  28D9               	goto	i1l62
  1355  00DF                     u8_20:	
  1356  00DF                     i1l837:	
  1357                           
  1358                           ;main.c: 62:             readed = SSPBUF;
  1359  00DF  1283               	bcf	3,5	;RP0=0, select bank0
  1360  00E0  1303               	bcf	3,6	;RP1=0, select bank0
  1361  00E1  0813               	movf	19,w	;volatile
  1362  00E2  00F0               	movwf	??_isr
  1363  00E3  0870               	movf	??_isr,w
  1364  00E4  00F9               	movwf	_readed
  1365                           
  1366                           ;main.c: 63:             _delay((unsigned long)((250)*(8000000/4000000.0)));
  1367  00E5  30A6               	movlw	166
  1368  00E6  00F0               	movwf	??_isr
  1369  00E7                     u16_27:	
  1370  00E7  0BF0               	decfsz	??_isr,f
  1371  00E8  28E7               	goto	u16_27
  1372  00E9  0000               	nop
  1373                           
  1374                           ;main.c: 65:         }else if(!SSPSTATbits.D_nA && SSPSTATbits.R_nW){
  1375  00EA  290C               	goto	i1l65
  1376  00EB                     i1l61:	
  1377  00EB  1A94               	btfsc	20,5	;volatile
  1378  00EC  28EE               	goto	u9_21
  1379  00ED  28EF               	goto	u9_20
  1380  00EE                     u9_21:	
  1381  00EE  290C               	goto	i1l65
  1382  00EF                     u9_20:	
  1383  00EF                     i1l839:	
  1384  00EF  1D14               	btfss	20,2	;volatile
  1385  00F0  28F2               	goto	u10_21
  1386  00F1  28F3               	goto	u10_20
  1387  00F2                     u10_21:	
  1388  00F2  290C               	goto	i1l65
  1389  00F3                     u10_20:	
  1390  00F3                     i1l841:	
  1391                           
  1392                           ;main.c: 66:             z = SSPBUF;
  1393  00F3  1283               	bcf	3,5	;RP0=0, select bank0
  1394  00F4  1303               	bcf	3,6	;RP1=0, select bank0
  1395  00F5  0813               	movf	19,w	;volatile
  1396  00F6  00F0               	movwf	??_isr
  1397  00F7  0870               	movf	??_isr,w
  1398  00F8  00FB               	movwf	_z
  1399  00F9                     i1l843:	
  1400                           
  1401                           ;main.c: 67:             BF = 0;
  1402  00F9  1683               	bsf	3,5	;RP0=1, select bank1
  1403  00FA  1303               	bcf	3,6	;RP1=0, select bank1
  1404  00FB  1014               	bcf	20,0	;volatile
  1405                           
  1406                           ;main.c: 68:             SSPBUF = pot;
  1407  00FC  0878               	movf	_pot,w
  1408  00FD  1283               	bcf	3,5	;RP0=0, select bank0
  1409  00FE  1303               	bcf	3,6	;RP1=0, select bank0
  1410  00FF  0093               	movwf	19	;volatile
  1411  0100                     i1l845:	
  1412                           
  1413                           ;main.c: 69:             SSPCONbits.CKP = 1;
  1414  0100  1614               	bsf	20,4	;volatile
  1415                           
  1416                           ;main.c: 70:             _delay((unsigned long)((250)*(8000000/4000000.0)));
  1417  0101  30A6               	movlw	166
  1418  0102  00F0               	movwf	??_isr
  1419  0103                     u17_27:	
  1420  0103  0BF0               	decfsz	??_isr,f
  1421  0104  2903               	goto	u17_27
  1422  0105  0000               	nop
  1423  0106                     i1l67:	
  1424                           ;main.c: 71:             while(SSPSTATbits.BF);
  1425                           
  1426  0106  1683               	bsf	3,5	;RP0=1, select bank1
  1427  0107  1303               	bcf	3,6	;RP1=0, select bank1
  1428  0108  1814               	btfsc	20,0	;volatile
  1429  0109  290B               	goto	u11_21
  1430  010A  290C               	goto	u11_20
  1431  010B                     u11_21:	
  1432  010B  2906               	goto	i1l67
  1433  010C                     u11_20:	
  1434  010C                     i1l65:	
  1435                           
  1436                           ;main.c: 74:         PIR1bits.SSPIF = 0;
  1437  010C  1283               	bcf	3,5	;RP0=0, select bank0
  1438  010D  1303               	bcf	3,6	;RP1=0, select bank0
  1439  010E  118C               	bcf	12,3	;volatile
  1440  010F                     i1l57:	
  1441                           ;main.c: 75:     }
  1442                           
  1443                           
  1444                           ;main.c: 77:     if(PIR1bits.ADIF == 1){
  1445  010F  1F0C               	btfss	12,6	;volatile
  1446  0110  2912               	goto	u12_21
  1447  0111  2913               	goto	u12_20
  1448  0112                     u12_21:	
  1449  0112  2919               	goto	i1l853
  1450  0113                     u12_20:	
  1451  0113                     i1l847:	
  1452                           
  1453                           ;main.c: 78:         PIR1bits.ADIF = 0;
  1454  0113  130C               	bcf	12,6	;volatile
  1455  0114                     i1l849:	
  1456                           
  1457                           ;main.c: 79:         pot = ADRESH;
  1458  0114  081E               	movf	30,w	;volatile
  1459  0115  00F0               	movwf	??_isr
  1460  0116  0870               	movf	??_isr,w
  1461  0117  00F8               	movwf	_pot
  1462  0118                     i1l851:	
  1463                           
  1464                           ;main.c: 80:         ADRESH = 0;
  1465  0118  019E               	clrf	30	;volatile
  1466  0119                     i1l853:	
  1467                           
  1468                           ;main.c: 82:     (INTCONbits.GIE = 1);
  1469  0119  178B               	bsf	11,7	;volatile
  1470  011A                     i1l71:	
  1471  011A  0872               	movf	??_isr+2,w
  1472  011B  008A               	movwf	10
  1473  011C  0E71               	swapf	(??_isr+1)^(0+4294967168),w
  1474  011D  0083               	movwf	3
  1475  011E  0EFE               	swapf	btemp,f
  1476  011F  0E7E               	swapf	btemp,w
  1477  0120  0009               	retfie
  1478  0121                     __end_of_isr:	
  1479  007E                     btemp	set	126	;btemp
  1480  007E                     wtemp0	set	126
  1481                           
  1482                           	psect	intentry
  1483  0004                     __pintentry:	
  1484                           ;incstack = 0
  1485                           ; Regs used in _isr: [wreg+status,2]
  1486                           
  1487  0004                     interrupt_function:	
  1488  007E                     saved_w	set	btemp
  1489  0004  00FE               	movwf	btemp
  1490  0005  0E03               	swapf	3,w
  1491  0006  00F1               	movwf	??_isr+1
  1492  0007  080A               	movf	10,w
  1493  0008  00F2               	movwf	??_isr+2
  1494  0009  120A  118A  28B0   	ljmp	_isr


Data Sizes:
    Strings     0
    Constant    0
    Data        0
    BSS         4
    Persistent  0
    Stack       0

Auto Spaces:
    Space          Size  Autos    Used
    COMMON           14      8      12
    BANK0            80      0       0
    BANK1            80      0       0
    BANK3            96      0       0
    BANK2            96      0       0

Pointer List with Targets:

    None.

Critical Paths under _main in COMMON

    _main->_channelS
    _setup->_I2C_Slave_Init

Critical Paths under _isr in COMMON

    None.

Critical Paths under _main in BANK0

    None.

Critical Paths under _isr in BANK0

    None.

Critical Paths under _main in BANK1

    None.

Critical Paths under _isr in BANK1

    None.

Critical Paths under _main in BANK3

    None.

Critical Paths under _isr in BANK3

    None.

Critical Paths under _main in BANK2

    None.

Critical Paths under _isr in BANK2

    None.

Call Graph Tables:

 ---------------------------------------------------------------------------------
 (Depth) Function   	        Calls       Base Space   Used Autos Params    Refs
 ---------------------------------------------------------------------------------
 (0) _main                                                 2     2      0      30
                                              6 COMMON     2     2      0
                           _ADConfig
                           _channelS
                              _setup
 ---------------------------------------------------------------------------------
 (1) _setup                                                0     0      0      15
                     _I2C_Slave_Init
 ---------------------------------------------------------------------------------
 (2) _I2C_Slave_Init                                       1     1      0      15
                                              3 COMMON     1     1      0
 ---------------------------------------------------------------------------------
 (1) _channelS                                             3     3      0      15
                                              3 COMMON     3     3      0
 ---------------------------------------------------------------------------------
 (1) _ADConfig                                             0     0      0       0
 ---------------------------------------------------------------------------------
 Estimated maximum stack depth 2
 ---------------------------------------------------------------------------------
 (Depth) Function   	        Calls       Base Space   Used Autos Params    Refs
 ---------------------------------------------------------------------------------
 (3) _isr                                                  3     3      0       0
                                              0 COMMON     3     3      0
 ---------------------------------------------------------------------------------
 Estimated maximum stack depth 3
 ---------------------------------------------------------------------------------

 Call Graph Graphs:

 _main (ROOT)
   _ADConfig
   _channelS
   _setup
     _I2C_Slave_Init

 _isr (ROOT)

 Address spaces:
Name               Size   Autos  Total    Cost      Usage
BITCOMMON            E      0       0       0        0.0%
EEDATA             100      0       0       0        0.0%
NULL                 0      0       0       0        0.0%
CODE                 0      0       0       0        0.0%
COMMON               E      8       C       1       85.7%
BITSFR0              0      0       0       1        0.0%
SFR0                 0      0       0       1        0.0%
BITSFR1              0      0       0       2        0.0%
SFR1                 0      0       0       2        0.0%
STACK                0      0       0       2        0.0%
ABS                  0      0       C       3        0.0%
BITBANK0            50      0       0       4        0.0%
BITSFR3              0      0       0       4        0.0%
SFR3                 0      0       0       4        0.0%
BANK0               50      0       0       5        0.0%
BITSFR2              0      0       0       5        0.0%
SFR2                 0      0       0       5        0.0%
BITBANK1            50      0       0       6        0.0%
BANK1               50      0       0       7        0.0%
BITBANK3            60      0       0       8        0.0%
BANK3               60      0       0       9        0.0%
BITBANK2            60      0       0      10        0.0%
BANK2               60      0       0      11        0.0%
DATA                 0      0       C      12        0.0%


Microchip Technology PIC Macro Assembler V2.10 build 88905656 
Symbol Table                                                                                   Thu Feb 27 10:48:29 2020

                       _z 007B               __CFG_CP$OFF 0000               _SSPSTATbits 0094  
                      _BF 04A0                        l82 015E                        l93 0187  
                      l97 0019                        l99 0020                       l100 0027  
                     l101 002E                       l110 006D                       l102 0035  
                     l111 0074                       l103 003C                       l104 0043  
                     l112 00AF                       l105 004A                       l106 0051  
                     l107 0058                       l108 005F                       l109 0066  
                     l167 0178                       l803 007B                       l761 016E  
                     l771 0175                       l763 016F                       l925 0083  
                     l765 0170                       l781 014B                       l773 0141  
                     l861 0131                       l767 0171                       l759 0160  
                     l791 0152                       l783 014C                       l775 0145  
                     l863 0134                       l855 0121                       l769 0172  
                     l793 0155                       l785 014F                       l777 0146  
                     l857 0126                       l795 0158                       l787 0150  
                     l779 014A                       l859 012B                       l797 0179  
                     l789 0151                       l799 0018                       _GIE 005F  
                     u157 0138              __CFG_CPD$OFF 0000                       _isr 00B0  
                     _pot 0078              __CFG_LVP$OFF 0000                      ?_isr 0070  
                    _PEIE 005E                      i1l61 00EB                      i1l62 00D9  
                    i1l71 011A                      i1l65 010C                      i1l57 010F  
                    i1l67 0106                      u3_20 00B7                      u3_21 00B6  
                    u4_20 00BC                      u4_21 00BB                      u5_20 00C0  
                    u5_21 00BF                      u6_20 00CD                      u6_21 00CC  
                    u7_20 00D1                      u7_21 00D0                      u8_20 00DF  
                    u8_21 00DE                      u9_20 00EF                      u9_21 00EE  
            __CFG_WRT$OFF 0000                      _dato 007A                      _main 0121  
                    btemp 007E                      start 000C             __CFG_IESO$OFF 0000  
        __end_of_ADConfig 0188                     ??_isr 0070                     ?_main 0070  
           __CFG_WDTE$OFF 0000                     _ANSEL 0188                     i1l821 00C4  
                   i1l813 00B0                     i1l831 00D1                     i1l823 00C5  
                   i1l815 00B7                     i1l841 00F3                     i1l833 00D7  
                   i1l825 00C6                     i1l817 00BC                     i1l851 0118  
                   i1l843 00F9                     i1l835 00D8                     i1l827 00C7  
                   i1l819 00C0                     i1l853 0119                     i1l845 0100  
                   i1l837 00DF                     i1l829 00CD                     i1l847 0113  
                   i1l839 00EF                     i1l849 0114                     u10_20 00F3  
                   u10_21 00F2                     u11_20 010C                     u11_21 010B  
                   u12_20 0113                     u12_21 0112                     u16_27 00E7  
                   u17_27 0103                     _PORTB 0006                     _PORTD 0008  
                   _TRISA 0085                     _TRISB 0086                     _TRISD 0088  
                   _SSPIE 0463                     _SSPIF 0063            __CFG_FCMEN$OFF 0000  
                   _setup 0141            __CFG_BOREN$OFF 0000                     pclath 000A  
                   status 0003                     wtemp0 007E            __CFG_MCLRE$OFF 0000  
         __initialization 000F              __end_of_main 0141                    ??_main 0076  
                  _ADRESH 001E                    ?_setup 0070                    _ANSELH 0189  
                  _SSPADD 0093                    _TRISC3 043B                    _TRISC4 043C  
                  _SSPBUF 0013                    _SSPCON 0014          __end_of_channelS 00B0  
          __CFG_PWRTE$OFF 0000                    _readed 0079                    saved_w 007E  
               ?_ADConfig 0070   __end_of__initialization 0013            __pcstackCOMMON 0070  
 __size_of_I2C_Slave_Init 001A             __end_of_setup 015F                ??_ADConfig 0073  
                 ??_setup 0074     I2C_Slave_Init@address 0073                __pmaintext 0121  
              __pintentry 0004                 ?_channelS 0070                   _SSPCON2 0091  
                 _SSPSTAT 0094                 _ANSELbits 0188                   __ptext1 0141  
                 __ptext2 015F                   __ptext3 0017                   __ptext4 0179  
                 __ptext5 00B0           channelS@channel 0075              __size_of_isr 0071  
              ??_channelS 0073      end_of_initialization 0013            _I2C_Slave_Init 015F  
               _TRISCbits 0087         __size_of_ADConfig 000F    __end_of_I2C_Slave_Init 0179  
     start_initialization 000F               __end_of_isr 0121  __CFG_FOSC$INTRC_NOCLKOUT 0000  
         ?_I2C_Slave_Init 0070               __pbssCOMMON 0078                 ___latbits 0002  
       __size_of_channelS 0099                  _ADConfig 0179            __size_of_setup 001E  
       interrupt_function 0004                  _PIE1bits 008C                  _PIR1bits 000C  
              _ADCON0bits 001F                _ADCON1bits 009F                  _channelS 0017  
       __CFG_BOR4V$BOR40V 0000          ??_I2C_Slave_Init 0073             __size_of_main 0020  
              _INTCONbits 000B                  intlevel1 0000               _SSPCON2bits 0091  
              _SSPCONbits 0014  
